【2019-05-10 00:17:53】
订单号：20190509224525539952
通知地址：http://xlyt.info/pay/qddzf_weixin/n.php
通知报文：memberid=10118&orderid=2019050922452512678&transaction_id=20190509224525539952&amount=99.9900&datetime=20190510001752&returncode=00&sign=A88A8298964875D4FC49B6AF40F095EE&attach=1234|456
HTTP状态：
返回：ok

【2019-05-10 00:18:19】
订单号：20190509224603989849
通知地址：http://xlyt.info/pay/qddzf_weixin/n.php
通知报文：memberid=10118&orderid=2019050922460322634&transaction_id=20190509224603989849&amount=99.9900&datetime=20190510001819&returncode=00&sign=ACD45CEE4AA0E0409255FFFCDFF893B1&attach=1234|456
HTTP状态：
返回：ok

【2019-05-10 00:19:00】
订单号：20190509224651981019
通知地址：http://xlyt.info/pay/qddzf_weixin/n.php
通知报文：memberid=10118&orderid=2019050922465154468&transaction_id=20190509224651981019&amount=200.0000&datetime=20190510001850&returncode=00&sign=4DEFC2B1C7E6235AEFB8B97CB37242D3&attach=1234|456
HTTP状态：
返回：

【2019-05-10 00:19:02】
订单号：20190509224651981019
通知地址：http://xlyt.info/pay/qddzf_weixin/n.php
通知报文：memberid=10118&orderid=2019050922465154468&transaction_id=20190509224651981019&amount=200.0000&datetime=20190510001900&returncode=00&sign=1A7AF379B726A730A4A6403E83451DF0&attach=1234|456
HTTP状态：
返回：ok

【2019-05-10 00:19:03】
订单号：20190509224651981019
通知地址：http://xlyt.info/pay/qddzf_weixin/n.php
通知报文：memberid=10118&orderid=2019050922465154468&transaction_id=20190509224651981019&amount=200.0000&datetime=20190510001902&returncode=00&sign=9A55C2C72CF71BC49FCCCC758C8969B9&attach=1234|456
HTTP状态：
返回：ok

【2019-05-10 00:19:03】
订单号：20190509224651981019
通知地址：http://xlyt.info/pay/qddzf_weixin/n.php
通知报文：memberid=10118&orderid=2019050922465154468&transaction_id=20190509224651981019&amount=200.0000&datetime=20190510001903&returncode=00&sign=3C6E8BBE51A58FBC41D9644ECA75F5A9&attach=1234|456
HTTP状态：
返回：ok

【2019-05-10 00:19:03】
订单号：20190509224651981019
通知地址：http://xlyt.info/pay/qddzf_weixin/n.php
通知报文：memberid=10118&orderid=2019050922465154468&transaction_id=20190509224651981019&amount=200.0000&datetime=20190510001903&returncode=00&sign=3C6E8BBE51A58FBC41D9644ECA75F5A9&attach=1234|456
HTTP状态：
返回：ok

【2019-05-10 00:19:03】
订单号：20190509224651981019
通知地址：http://xlyt.info/pay/qddzf_weixin/n.php
通知报文：memberid=10118&orderid=2019050922465154468&transaction_id=20190509224651981019&amount=200.0000&datetime=20190510001903&returncode=00&sign=3C6E8BBE51A58FBC41D9644ECA75F5A9&attach=1234|456
HTTP状态：
返回：ok

【2019-05-10 00:19:03】
订单号：20190509224651981019
通知地址：http://xlyt.info/pay/qddzf_weixin/n.php
通知报文：memberid=10118&orderid=2019050922465154468&transaction_id=20190509224651981019&amount=200.0000&datetime=20190510001903&returncode=00&sign=3C6E8BBE51A58FBC41D9644ECA75F5A9&attach=1234|456
HTTP状态：
返回：ok

【2019-05-10 00:19:25】
订单号：20190509224842971004
通知地址：http://xlyt.info/pay/qddzf_weixin/n.php
通知报文：memberid=10118&orderid=2019050922484277668&transaction_id=20190509224842971004&amount=100.0000&datetime=20190510001925&returncode=00&sign=6030E7D923398196D80C261B8FB152C0&attach=1234|456
HTTP状态：
返回：ok

【2019-05-10 00:36:58】
订单号：20190509224958549910
通知地址：http://xlyt.info/pay/qddzf_weixin/n.php
通知报文：memberid=10118&orderid=2019050922495796947&transaction_id=20190509224958549910&amount=200.0000&datetime=20190510003658&returncode=00&sign=AD0EFA27892A176238DFE3C70F82C67A&attach=1234|456
HTTP状态：
返回：ok

【2019-05-10 01:07:09】
订单号：20190509225307515651
通知地址：http://xlyt.info/pay/qddzf_weixin/n.php
通知报文：memberid=10118&orderid=2019050922530677435&transaction_id=20190509225307515651&amount=200.0000&datetime=20190510010709&returncode=00&sign=0F6982D8CAE7F3BF9900CA4F3615B850&attach=1234|456
HTTP状态：
返回：ok

【2019-05-10 11:24:08】
订单号：20190510111903559797
通知地址：http://www.33wy30.cn/Pay_Test_notify.html
通知报文：memberid=10111&orderid=CS20190510111859355867&transaction_id=20190510111903559797&amount=10.0000&datetime=20190510112408&returncode=00&sign=51B2825CB94E7D09C082359E473AA33A&attach=
HTTP状态：
返回：ok

【2019-05-10 12:59:42】
订单号：20190509224731515750
通知地址：http://xlyt.info/pay/qddzf_weixin/n.php
通知报文：memberid=10118&orderid=2019050922473189608&transaction_id=20190509224731515750&amount=99.9900&datetime=20190510125941&returncode=00&sign=1B796CC7A273100C6F85E686491D624E&attach=1234|456
HTTP状态：
返回：ok

【2019-05-10 13:08:32】
订单号：20190509224615555210
通知地址：http://xlyt.info/pay/qddzf_weixin/n.php
通知报文：memberid=10118&orderid=2019050922461437918&transaction_id=20190509224615555210&amount=150.0000&datetime=20190510130831&returncode=00&sign=CF7CD049991715F33F09B8D8B936CEED&attach=1234|456
HTTP状态：
返回：ok

【2019-05-10 14:52:50】
订单号：20190510145237535448
通知地址：http://www.33wy30.cn/Pay_Test_notify.html
通知报文：memberid=10103&orderid=CS20190510145233618952&transaction_id=20190510145237535448&amount=1.0000&datetime=20190510145250&returncode=00&sign=B3C177643489FDDA096D13E93C7B6EDE&attach=
HTTP状态：
返回：ok

【2019-05-10 15:00:25】
订单号：20190510145900529710
通知地址：http://www.33wy30.cn/Pay_Test_notify.html
通知报文：memberid=10103&orderid=CS20190510145832162316&transaction_id=20190510145900529710&amount=1.0000&datetime=20190510150025&returncode=00&sign=C78FCA428010985786B7FCF97E842015&attach=
HTTP状态：
返回：ok

【2019-05-10 15:01:29】
订单号：20190510150114979910
通知地址：http://www.33wy30.cn/Pay_Test_notify.html
通知报文：memberid=10103&orderid=CS20190510150108173921&transaction_id=20190510150114979910&amount=1.0000&datetime=20190510150129&returncode=00&sign=FE492B57582D1394AB42D581936E875C&attach=
HTTP状态：
返回：ok

【2019-05-10 15:03:24】
订单号：20190510150309100499
通知地址：http://www.33wy30.cn/Pay_Test_notify.html
通知报文：memberid=10103&orderid=CS20190510150304188061&transaction_id=20190510150309100499&amount=1.0000&datetime=20190510150324&returncode=00&sign=3DC6C5109BA3B94D87B6BF590F12D0C0&attach=
HTTP状态：
返回：ok

【2019-05-10 15:32:41】
订单号：20190510153206545110
通知地址：http://www.33wy30.cn/Pay_Test_notify.html
通知报文：memberid=10111&orderid=CS20190510153158467417&transaction_id=20190510153206545110&amount=1.0000&datetime=20190510153241&returncode=00&sign=6BAC4D9F97D3D225C38C1758BA080BC1&attach=
HTTP状态：
返回：ok

【2019-05-10 15:33:42】
订单号：20190510153327559849
通知地址：http://www.33wy30.cn/Pay_Test_notify.html
通知报文：memberid=10103&orderid=CS20190510153323791733&transaction_id=20190510153327559849&amount=1.0000&datetime=20190510153342&returncode=00&sign=E5D37E2F0B96B70C98C79551FF20615A&attach=
HTTP状态：
返回：ok

【2019-05-10 15:43:26】
订单号：20190510154304561005
通知地址：http://www.33wy30.cn/Pay_Test_notify.html
通知报文：memberid=10111&orderid=CS20190510154300292311&transaction_id=20190510154304561005&amount=1.0000&datetime=20190510154326&returncode=00&sign=2BFD049D16F7A5901F23BD6AF285D39C&attach=
HTTP状态：
返回：ok

【2019-05-10 15:52:55】
订单号：20190510155238541015
通知地址：http://www.33wy30.cn/Pay_Test_notify.html
通知报文：memberid=10111&orderid=CS20190510155232792820&transaction_id=20190510155238541015&amount=1.0000&datetime=20190510155255&returncode=00&sign=08B35799DEB103A83ABFB1E4BB9CAB85&attach=
HTTP状态：
返回：ok

【2019-05-10 15:53:58】
订单号：20190510155344564997
通知地址：http://www.33wy30.cn/Pay_Test_notify.html
通知报文：memberid=10111&orderid=CS20190510155339266009&transaction_id=20190510155344564997&amount=1.0000&datetime=20190510155358&returncode=00&sign=CC14F2CB318FCCB76A24CB08B27D800C&attach=
HTTP状态：
返回：ok

【2019-05-10 15:56:19】
订单号：20190510155605534851
通知地址：http://www.33wy30.cn/Pay_Test_notify.html
通知报文：memberid=10103&orderid=CS20190510155601120045&transaction_id=20190510155605534851&amount=1.0000&datetime=20190510155619&returncode=00&sign=088939111C4B58A8A99436EF54DBAB60&attach=
HTTP状态：
返回：ok

【2019-05-10 16:20:02】
订单号：20190510161937575152
通知地址：http://www.33wy30.cn/Pay_Test_notify.html
通知报文：memberid=10103&orderid=CS20190510161932333525&transaction_id=20190510161937575152&amount=1.0000&datetime=20190510162002&returncode=00&sign=5778F1F26B792F002FCA28BA03420397&attach=
HTTP状态：
返回：ok

【2019-05-10 16:33:01】
订单号：20190510163131519754
通知地址：http://www.33wy30.cn/Pay_Test_notify.html
通知报文：memberid=10111&orderid=CS20190510163122716169&transaction_id=20190510163131519754&amount=1.0000&datetime=20190510163301&returncode=00&sign=692FB1100D79C412262E2ED7DFA88FAD&attach=
HTTP状态：
返回：ok

【2019-05-10 16:43:43】
订单号：20190510164302544953
通知地址：http://www.33wy30.cn/Pay_Test_notify.html
通知报文：memberid=10111&orderid=CS20190510164254921513&transaction_id=20190510164302544953&amount=1.0000&datetime=20190510164343&returncode=00&sign=122C400B8B360CED93D1BEB05281DD6D&attach=
HTTP状态：
返回：ok

【2019-05-10 16:47:36】
订单号：20190510164642509749
通知地址：http://www.33wy30.cn/Pay_Test_notify.html
通知报文：memberid=10111&orderid=CS20190510164627186608&transaction_id=20190510164642509749&amount=0.0100&datetime=20190510164736&returncode=00&sign=7714998F6D434859CD499D173C2ACE6A&attach=
HTTP状态：
返回：ok

【2019-05-10 16:50:09】
订单号：20190510164930971005
通知地址：http://www.33wy30.cn/Pay_Test_notify.html
通知报文：memberid=10111&orderid=CS20190510164924789840&transaction_id=20190510164930971005&amount=1.0000&datetime=20190510165009&returncode=00&sign=73B7CA5CBE5DB20798A5C07D82376F76&attach=
HTTP状态：
返回：ok

【2019-05-10 16:52:13】
订单号：20190510165105571001
通知地址：http://www.33wy30.cn/Pay_Test_notify.html
通知报文：memberid=10111&orderid=CS20190510165059129264&transaction_id=20190510165105571001&amount=0.0100&datetime=20190510165213&returncode=00&sign=2A8D9093EC5690022484F203E25A482C&attach=
HTTP状态：
返回：ok

【2019-05-10 16:53:45】
订单号：20190510165318101525
通知地址：http://www.33wy30.cn/Pay_Test_notify.html
通知报文：memberid=10111&orderid=CS20190510165312774006&transaction_id=20190510165318101525&amount=0.0100&datetime=20190510165345&returncode=00&sign=BAE302216BC21528BB9A12CF7370E4AD&attach=
HTTP状态：
返回：ok

【2019-05-10 16:54:46】
订单号：20190510165414549910
通知地址：http://www.33wy30.cn/Pay_Test_notify.html
通知报文：memberid=10111&orderid=CS20190510165407464873&transaction_id=20190510165414549910&amount=0.0100&datetime=20190510165446&returncode=00&sign=71FE2B66F1C59DFEAB790C63AC8B26E2&attach=
HTTP状态：
返回：ok

【2019-05-10 16:55:46】
订单号：20190510165519554910
通知地址：http://www.33wy30.cn/Pay_Test_notify.html
通知报文：memberid=10111&orderid=CS20190510165510313436&transaction_id=20190510165519554910&amount=0.0100&datetime=20190510165546&returncode=00&sign=A993CB9E0213EC181929C77085013809&attach=
HTTP状态：
返回：ok

【2019-05-10 16:56:34】
订单号：20190510165612995610
通知地址：http://www.33wy30.cn/Pay_Test_notify.html
通知报文：memberid=10111&orderid=CS20190510165604765760&transaction_id=20190510165612995610&amount=0.0100&datetime=20190510165634&returncode=00&sign=0A4EB9373F04DE962E9585ED1DF2536B&attach=
HTTP状态：
返回：ok

【2019-05-10 16:57:26】
订单号：20190510165703102501
通知地址：http://www.33wy30.cn/Pay_Test_notify.html
通知报文：memberid=10111&orderid=CS20190510165655334850&transaction_id=20190510165703102501&amount=0.0100&datetime=20190510165726&returncode=00&sign=79DA0D952E5C21A1E1F8D2D3D24FA85E&attach=
HTTP状态：
返回：ok

【2019-05-10 16:58:59】
订单号：20190510165833575797
通知地址：http://www.33wy30.cn/Pay_Test_notify.html
通知报文：memberid=10111&orderid=CS20190510165820511324&transaction_id=20190510165833575797&amount=0.9800&datetime=20190510165859&returncode=00&sign=10018785F143352B94E8B546328E1E21&attach=
HTTP状态：
返回：ok

【2019-05-10 17:00:20】
订单号：20190510165956999949
通知地址：http://www.33wy30.cn/Pay_Test_notify.html
通知报文：memberid=10111&orderid=CS20190510165948751199&transaction_id=20190510165956999949&amount=1.0000&datetime=20190510170020&returncode=00&sign=BA8C5D0713F12723E27471D45DFDB686&attach=
HTTP状态：
返回：ok

【2019-05-10 17:01:15】
订单号：20190510170048485352
通知地址：http://www.33wy30.cn/Pay_Test_notify.html
通知报文：memberid=10111&orderid=CS20190510170040325071&transaction_id=20190510170048485352&amount=0.0100&datetime=20190510170115&returncode=00&sign=9753BC8ED4EC104624C0A2C07FE2645C&attach=
HTTP状态：
返回：ok

【2019-05-10 17:03:26】
订单号：20190510170259519710
通知地址：http://www.33wy30.cn/Pay_Test_notify.html
通知报文：memberid=10111&orderid=CS20190510170251937486&transaction_id=20190510170259519710&amount=0.0100&datetime=20190510170326&returncode=00&sign=7E36D0D670037547C8416F0B05864FE7&attach=
HTTP状态：
返回：ok

【2019-05-10 17:04:32】
订单号：20190510170057579998
通知地址：http://www.33wy30.cn/Pay_Test_notify.html
通知报文：memberid=10111&orderid=CS20190510170053492642&transaction_id=20190510170057579998&amount=1.0000&datetime=20190510170432&returncode=00&sign=EAA81228B060011ADF24C4B1B6B6CA4D&attach=
HTTP状态：
返回：ok

【2019-05-10 17:05:40】
订单号：20190510170518101574
通知地址：http://www.33wy30.cn/Pay_Test_notify.html
通知报文：memberid=10111&orderid=CS20190510170511796741&transaction_id=20190510170518101574&amount=0.0100&datetime=20190510170540&returncode=00&sign=8A5AA28684C149C006F93C4C453B493F&attach=
HTTP状态：
返回：ok

【2019-05-10 17:06:02】
订单号：20190510170407555010
通知地址：http://www.33wy30.cn/Pay_Test_notify.html
通知报文：memberid=10111&orderid=CS20190510170401216126&transaction_id=20190510170407555010&amount=0.9900&datetime=20190510170602&returncode=00&sign=2F52A0987B7D5CDE662BA1038A1959C0&attach=
HTTP状态：
返回：ok

【2019-05-10 17:20:07】
订单号：20190510171948525452
通知地址：http://www.33wy30.cn/Pay_Test_notify.html
通知报文：memberid=10111&orderid=CS20190510171943930655&transaction_id=20190510171948525452&amount=1.0000&datetime=20190510172007&returncode=00&sign=43194AFF12D330F2E8803C6D2F30FE8D&attach=
HTTP状态：
返回：ok

【2019-05-10 17:21:17】
订单号：20190510172101100505
通知地址：http://www.33wy30.cn/Pay_Test_notify.html
通知报文：memberid=10111&orderid=CS20190510172056703534&transaction_id=20190510172101100505&amount=1.0000&datetime=20190510172117&returncode=00&sign=42B90132668CECA32FAB2549DB80FA63&attach=
HTTP状态：
返回：ok

【2019-05-10 17:21:19】
订单号：20190510172052525010
通知地址：http://www.33wy30.cn/Pay_Test_notify.html
通知报文：memberid=10103&orderid=CS20190510172048327106&transaction_id=20190510172052525010&amount=1.0000&datetime=20190510172119&returncode=00&sign=A2AAE5EC847043B0F53A3552677A43AB&attach=
HTTP状态：
返回：ok

【2019-05-10 17:28:36】
订单号：20190510172815102521
通知地址：http://www.33wy30.cn/Pay_Test_notify.html
通知报文：memberid=10103&orderid=CS20190510172718826260&transaction_id=20190510172815102521&amount=1.0000&datetime=20190510172836&returncode=00&sign=0255AA725FDD4990F8A8A1D38BEA0307&attach=
HTTP状态：
返回：ok

【2019-05-10 17:31:01】
订单号：20190510173041491005
通知地址：http://www.33wy30.cn/Pay_Test_notify.html
通知报文：memberid=10103&orderid=CS20190510173004147788&transaction_id=20190510173041491005&amount=1.0000&datetime=20190510173101&returncode=00&sign=B36348EB859F73C77FA18B05B1C8A206&attach=
HTTP状态：
返回：ok

【2019-05-10 17:32:08】
订单号：20190510173156999710
通知地址：http://www.33wy30.cn/Pay_Test_notify.html
通知报文：memberid=10103&orderid=CS20190510173152971257&transaction_id=20190510173156999710&amount=1.0000&datetime=20190510173208&returncode=00&sign=0D06D578B897E5852431D5C75B3536D8&attach=
HTTP状态：
返回：ok

【2019-05-10 17:35:24】
订单号：20190510173500525253
通知地址：http://www.33wy30.cn/Pay_Charges_notify.html
通知报文：memberid=10118&orderid=C20190510173500282895&transaction_id=20190510173500525253&amount=1.0000&datetime=20190510173524&returncode=00&sign=0AD0CD147A4A881215CA05F08783994D&attach=
HTTP状态：
返回：OK

【2019-05-10 17:44:56】
订单号：20190510174426975349
通知地址：http://www.33wy30.cn/Pay_Test_notify.html
通知报文：memberid=10103&orderid=CS20190510174421504590&transaction_id=20190510174426975349&amount=1.0000&datetime=20190510174456&returncode=00&sign=9FEDBD2BDA82986ABF7D0EAD628D8A2F&attach=
HTTP状态：
返回：ok

【2019-05-10 17:48:14】
订单号：20190510174802501005
通知地址：http://xlyt.info/pay/qddzf_weixin/n.php
通知报文：memberid=10118&orderid=2019051017480222336&transaction_id=20190510174802501005&amount=300.0000&datetime=20190510174814&returncode=00&sign=FAD828F8A8CCBAEFE4E83171D66B062B&attach=1234|456
HTTP状态：
返回：ok

【2019-05-10 17:49:08】
订单号：20190510174826974948
通知地址：http://xlyt.info/pay/qddzf_weixin/n.php
通知报文：memberid=10118&orderid=2019051017482533107&transaction_id=20190510174826974948&amount=300.0000&datetime=20190510174907&returncode=00&sign=89DB62C6FD4E68F0C9C436D585FDFCE1&attach=1234|456
HTTP状态：
返回：ok

【2019-05-10 17:49:29】
订单号：20190510174909535155
通知地址：http://www.33wy30.cn/Pay_Test_notify.html
通知报文：memberid=10111&orderid=CS20190510174904249112&transaction_id=20190510174909535155&amount=1.0000&datetime=20190510174929&returncode=00&sign=351819453D732EC999DD7F3CB95E7C15&attach=
HTTP状态：
返回：ok

【2019-05-10 17:56:29】
订单号：20190510175600481015
通知地址：http://xlyt.info/pay/qddzf_weixin/n.php
通知报文：memberid=10118&orderid=2019051017560014733&transaction_id=20190510175600481015&amount=500.0000&datetime=20190510175619&returncode=00&sign=980E03781277E89049BFF5C8351C98AC&attach=1234|456
HTTP状态：
返回：ok

【2019-05-10 17:59:58】
订单号：20190510175934544897
通知地址：http://xlyt.info/pay/qddzf_weixin/n.php
通知报文：memberid=10118&orderid=2019051017593311296&transaction_id=20190510175934544897&amount=300.0000&datetime=20190510175948&returncode=00&sign=20CBC9F5B34DCB5F2F3906E57D8B3097&attach=1234|456
HTTP状态：
返回：

【2019-05-10 18:02:26】
订单号：20190510180158544856
通知地址：http://xlyt.info/pay/qddzf_weixin/n.php
通知报文：memberid=10118&orderid=2019051018015759825&transaction_id=20190510180158544856&amount=500.0000&datetime=20190510180220&returncode=00&sign=AA20464556B663892155C591769BB8C6&attach=1234|456
HTTP状态：
返回：ok

【2019-05-10 18:02:47】
订单号：20190510175934544897
通知地址：http://xlyt.info/pay/qddzf_weixin/n.php
通知报文：memberid=10118&orderid=2019051017593311296&transaction_id=20190510175934544897&amount=300.0000&datetime=20190510180247&returncode=00&sign=916117448FBB1A1A323BDB8B5427699F&attach=1234|456
HTTP状态：
返回：ok

【2019-05-10 18:05:06】
订单号：20190510180058975710
通知地址：http://xlyt.info/pay/qddzf_weixin/n.php
通知报文：memberid=10118&orderid=2019051018005887297&transaction_id=20190510180058975710&amount=200.0000&datetime=20190510180504&returncode=00&sign=6583256AE13C419E2ED0DDF01C74DC94&attach=1234|456
HTTP状态：
返回：ok

【2019-05-10 18:05:35】
订单号：20190510180500995410
通知地址：http://xlyt.info/pay/qddzf_weixin/n.php
通知报文：memberid=10118&orderid=2019051018050066840&transaction_id=20190510180500995410&amount=300.0000&datetime=20190510180525&returncode=00&sign=13A11B495F89C167606784A099F81E41&attach=1234|456
HTTP状态：
返回：

【2019-05-10 18:07:02】
订单号：20190510180646545748
通知地址：http://xlyt.info/pay/qddzf_weixin/n.php
通知报文：memberid=10118&orderid=2019051018064434482&transaction_id=20190510180646545748&amount=1000.0000&datetime=20190510180701&returncode=00&sign=E23A9A39F68CC5EC7A342782A47C09EF&attach=1234|456
HTTP状态：
返回：ok

【2019-05-10 18:08:14】
订单号：20190510180723985299
通知地址：http://xlyt.info/pay/qddzf_weixin/n.php
通知报文：memberid=10118&orderid=2019051018072230429&transaction_id=20190510180723985299&amount=300.0000&datetime=20190510180804&returncode=00&sign=29B53AA372B80621A7119D19AA7E8382&attach=1234|456
HTTP状态：
返回：ok

【2019-05-10 18:09:02】
订单号：20190510180830101495
通知地址：http://xlyt.info/pay/qddzf_weixin/n.php
通知报文：memberid=10118&orderid=2019051018082999774&transaction_id=20190510180830101495&amount=300.0000&datetime=20190510180902&returncode=00&sign=86C5C0F6E08AD86C646718918BE1E53D&attach=1234|456
HTTP状态：
返回：ok

【2019-05-10 18:10:43】
订单号：20190510180940525253
通知地址：http://xlyt.info/pay/qddzf_weixin/n.php
通知报文：memberid=10118&orderid=2019051018093681481&transaction_id=20190510180940525253&amount=500.0000&datetime=20190510181043&returncode=00&sign=09D159FC938AF77BFEB0AA8FEB29CBA6&attach=1234|456
HTTP状态：
返回：ok

【2019-05-10 18:11:54】
订单号：20190510181118545398
通知地址：http://xlyt.info/pay/qddzf_weixin/n.php
通知报文：memberid=10118&orderid=2019051018111763781&transaction_id=20190510181118545398&amount=300.0000&datetime=20190510181153&returncode=00&sign=53631AED1E1EACAE9C679EAE7C80527D&attach=1234|456
HTTP状态：
返回：ok

【2019-05-10 18:12:01】
订单号：20190510181141100549
通知地址：http://xlyt.info/pay/qddzf_weixin/n.php
通知报文：memberid=10118&orderid=2019051018114177676&transaction_id=20190510181141100549&amount=210.0000&datetime=20190510181158&returncode=00&sign=2149EC648F838501EAA4E095AAC67B7B&attach=1234|456
HTTP状态：
返回：ok

【2019-05-10 18:12:23】
订单号：20190510181137571015
通知地址：http://xlyt.info/pay/qddzf_weixin/n.php
通知报文：memberid=10118&orderid=2019051018113734751&transaction_id=20190510181137571015&amount=3000.0000&datetime=20190510181223&returncode=00&sign=5C3A001A20956AE2748BFC9C9F03C73E&attach=1234|456
HTTP状态：
返回：ok

【2019-05-10 18:13:06】
订单号：20190510181235519810
通知地址：http://xlyt.info/pay/qddzf_weixin/n.php
通知报文：memberid=10118&orderid=2019051018123552753&transaction_id=20190510181235519810&amount=500.0000&datetime=20190510181306&returncode=00&sign=ADAC13C7CDFAED368A7C0F003B91B980&attach=1234|456
HTTP状态：
返回：ok

【2019-05-10 18:13:24】
订单号：20190510180500995410
通知地址：http://xlyt.info/pay/qddzf_weixin/n.php
通知报文：memberid=10118&orderid=2019051018050066840&transaction_id=20190510180500995410&amount=300.0000&datetime=20190510181323&returncode=00&sign=D8CD0CB094B0E6E4679266AB92FBF804&attach=1234|456
HTTP状态：
返回：ok

【2019-05-10 18:13:48】
订单号：20190510181329571015
通知地址：http://xlyt.info/pay/qddzf_weixin/n.php
通知报文：memberid=10118&orderid=2019051018132949476&transaction_id=20190510181329571015&amount=500.0000&datetime=20190510181348&returncode=00&sign=4AA4487F669FB69531BAA99B2F096C14&attach=1234|456
HTTP状态：
返回：ok

【2019-05-10 18:14:29】
订单号：20190510181356525655
通知地址：http://xlyt.info/pay/qddzf_weixin/n.php
通知报文：memberid=10118&orderid=2019051018135530037&transaction_id=20190510181356525655&amount=300.0000&datetime=20190510181425&returncode=00&sign=7AB07C6D6B722B554AD8890A79641573&attach=1234|456
HTTP状态：
返回：ok

【2019-05-10 18:17:40】
订单号：20190510181710545555
通知地址：http://xlyt.info/pay/qddzf_weixin/n.php
通知报文：memberid=10118&orderid=2019051018171045717&transaction_id=20190510181710545555&amount=300.0000&datetime=20190510181730&returncode=00&sign=08C4EFB47EED2513760F0C118F790D21&attach=1234|456
HTTP状态：
返回：

【2019-05-10 18:18:31】
订单号：20190510181755519955
通知地址：http://xlyt.info/pay/qddzf_weixin/n.php
通知报文：memberid=10118&orderid=2019051018175569032&transaction_id=20190510181755519955&amount=300.0000&datetime=20190510181830&returncode=00&sign=C5B832B68CA3D496EEC92F50FD390CD3&attach=1234|456
HTTP状态：
返回：ok

【2019-05-10 18:18:56】
订单号：20190510181710545555
通知地址：http://xlyt.info/pay/qddzf_weixin/n.php
通知报文：memberid=10118&orderid=2019051018171045717&transaction_id=20190510181710545555&amount=300.0000&datetime=20190510181856&returncode=00&sign=78442F2D57B07A3F508596FA1C594A22&attach=1234|456
HTTP状态：
返回：ok

【2019-05-10 18:19:12】
订单号：20190510181840484999
通知地址：http://xlyt.info/pay/qddzf_weixin/n.php
通知报文：memberid=10118&orderid=2019051018183986669&transaction_id=20190510181840484999&amount=300.0000&datetime=20190510181902&returncode=00&sign=44570BF0780BE3854E1818A34C984E72&attach=1234|456
HTTP状态：
返回：

【2019-05-10 18:20:06】
订单号：20190510181945494997
通知地址：http://xlyt.info/pay/qddzf_weixin/n.php
通知报文：memberid=10118&orderid=2019051018194439031&transaction_id=20190510181945494997&amount=2000.0000&datetime=20190510182005&returncode=00&sign=46E3A3482C04840A4343D52D5DE72853&attach=1234|456
HTTP状态：
返回：ok

【2019-05-10 18:23:12】
订单号：20190510182154509910
通知地址：http://xlyt.info/pay/qddzf_weixin/n.php
通知报文：memberid=10118&orderid=2019051018215448198&transaction_id=20190510182154509910&amount=700.0000&datetime=20190510182311&returncode=00&sign=FA3184F4425F8EC4D44E85221D508E5B&attach=1234|456
HTTP状态：
返回：ok

【2019-05-10 18:23:59】
订单号：20190510182326101484
通知地址：http://xlyt.info/pay/qddzf_weixin/n.php
通知报文：memberid=10118&orderid=2019051018232562518&transaction_id=20190510182326101484&amount=1000.0000&datetime=20190510182350&returncode=00&sign=1722924A4F03E4C12EEE1104CA4FF3FF&attach=1234|456
HTTP状态：
返回：ok

【2019-05-10 18:24:31】
订单号：20190510182403511011
通知地址：http://xlyt.info/pay/qddzf_weixin/n.php
通知报文：memberid=10118&orderid=2019051018240363192&transaction_id=20190510182403511011&amount=300.0000&datetime=20190510182427&returncode=00&sign=44B5CBB71EEF35410A8C77DEEF60FEEC&attach=1234|456
HTTP状态：
返回：ok

【2019-05-10 18:25:07】
订单号：20190510182451515750
通知地址：http://xlyt.info/pay/qddzf_weixin/n.php
通知报文：memberid=10118&orderid=2019051018244911227&transaction_id=20190510182451515750&amount=1000.0000&datetime=20190510182506&returncode=00&sign=5B8EC33A284EA6372622ED15A43D09A5&attach=1234|456
HTTP状态：
返回：ok

【2019-05-10 18:25:31】
订单号：20190510182446101985
通知地址：http://xlyt.info/pay/qddzf_weixin/n.php
通知报文：memberid=10118&orderid=2019051018244621742&transaction_id=20190510182446101985&amount=500.0000&datetime=20190510182528&returncode=00&sign=B791C0F1FAB493DE05517EB8D4F37EE4&attach=1234|456
HTTP状态：
返回：ok

【2019-05-10 18:26:59】
订单号：20190510182629539757
通知地址：http://xlyt.info/pay/qddzf_weixin/n.php
通知报文：memberid=10118&orderid=2019051018262958987&transaction_id=20190510182629539757&amount=300.0000&datetime=20190510182658&returncode=00&sign=ED4F4F415CDC8474075B1815DB601331&attach=1234|456
HTTP状态：
返回：ok

【2019-05-10 18:29:36】
订单号：20190510181012521015
通知地址：http://xlyt.info/pay/qddzf_weixin/n.php
通知报文：memberid=10118&orderid=2019051018101239881&transaction_id=20190510181012521015&amount=300.0000&datetime=20190510182936&returncode=00&sign=AFA7D5959FFE8759F8C4C41133D74C2E&attach=1234|456
HTTP状态：
返回：ok

【2019-05-10 18:30:41】
订单号：20190510183009495352
通知地址：http://xlyt.info/pay/qddzf_weixin/n.php
通知报文：memberid=10118&orderid=2019051018300898031&transaction_id=20190510183009495352&amount=1000.0000&datetime=20190510183031&returncode=00&sign=DE8220D88E05E6F3840120763FDB742C&attach=1234|456
HTTP状态：
返回：

【2019-05-10 18:30:54】
订单号：20190510183017575450
通知地址：http://xlyt.info/pay/qddzf_weixin/n.php
通知报文：memberid=10118&orderid=2019051018301711946&transaction_id=20190510183017575450&amount=600.0000&datetime=20190510183044&returncode=00&sign=12BE123118E83E903E614D3AEB589179&attach=1234|456
HTTP状态：
返回：

【2019-05-10 18:32:11】
订单号：20190510183137575750
通知地址：http://xlyt.info/pay/qddzf_weixin/n.php
通知报文：memberid=10118&orderid=2019051018313643012&transaction_id=20190510183137575750&amount=1100.0000&datetime=20190510183211&returncode=00&sign=D4C44DA2BEF28DAD76A04DCE1A73F49D&attach=1234|456
HTTP状态：
返回：ok

【2019-05-10 18:36:25】
订单号：20190510183600485510
通知地址：http://xlyt.info/pay/qddzf_weixin/n.php
通知报文：memberid=10118&orderid=2019051018355978611&transaction_id=20190510183600485510&amount=300.0000&datetime=20190510183615&returncode=00&sign=B1C27E9AB916B4475B4F7826E473080E&attach=1234|456
HTTP状态：
返回：

【2019-05-10 18:37:15】
订单号：20190510182303559856
通知地址：http://xlyt.info/pay/qddzf_weixin/n.php
通知报文：memberid=10118&orderid=2019051018230393444&transaction_id=20190510182303559856&amount=1000.0000&datetime=20190510183714&returncode=00&sign=F3E923A6F4390D852DB68EB843D587E7&attach=1234|456
HTTP状态：
返回：ok

【2019-05-10 18:39:55】
订单号：20190510183916529955
通知地址：http://xlyt.info/pay/qddzf_weixin/n.php
通知报文：memberid=10118&orderid=2019051018391640150&transaction_id=20190510183916529955&amount=300.0000&datetime=20190510183954&returncode=00&sign=75E030B912C8CF48388C997D048F7D81&attach=1234|456
HTTP状态：
返回：ok

【2019-05-10 18:40:31】
订单号：20190510183928481005
通知地址：http://xlyt.info/pay/qddzf_weixin/n.php
通知报文：memberid=10118&orderid=2019051018392871912&transaction_id=20190510183928481005&amount=600.0000&datetime=20190510184031&returncode=00&sign=0DEBF66B95016BC717D5BA1F2343EEA0&attach=1234|456
HTTP状态：
返回：ok

【2019-05-10 18:41:11】
订单号：20190510183946505510
通知地址：http://xlyt.info/pay/qddzf_weixin/n.php
通知报文：memberid=10118&orderid=2019051018394639522&transaction_id=20190510183946505510&amount=500.0000&datetime=20190510184110&returncode=00&sign=34B87DE345556F44BD0403A1175C4493&attach=1234|456
HTTP状态：
返回：ok

【2019-05-10 18:42:12】
订单号：20190510184135102100
通知地址：http://xlyt.info/pay/qddzf_weixin/n.php
通知报文：memberid=10118&orderid=2019051018413586998&transaction_id=20190510184135102100&amount=300.0000&datetime=20190510184211&returncode=00&sign=4997A79494742A77F0A761D6519FD1BE&attach=1234|456
HTTP状态：
返回：ok

【2019-05-10 18:42:23】
订单号：20190510184146979756
通知地址：http://xlyt.info/pay/qddzf_weixin/n.php
通知报文：memberid=10118&orderid=2019051018414590386&transaction_id=20190510184146979756&amount=300.0000&datetime=20190510184220&returncode=00&sign=0F6E2247FC356FF50D57C66C1B854E4C&attach=1234|456
HTTP状态：
返回：ok

【2019-05-10 18:43:26】
订单号：20190510184257494897
通知地址：http://xlyt.info/pay/qddzf_weixin/n.php
通知报文：memberid=10118&orderid=2019051018425613827&transaction_id=20190510184257494897&amount=500.0000&datetime=20190510184316&returncode=00&sign=E6CE40015D7C8A47EA47283381EBEB9B&attach=1234|456
HTTP状态：
返回：

【2019-05-10 18:45:24】
订单号：20190510184454545099
通知地址：http://xlyt.info/pay/qddzf_weixin/n.php
通知报文：memberid=10118&orderid=2019051018445324821&transaction_id=20190510184454545099&amount=300.0000&datetime=20190510184514&returncode=00&sign=A91029721E8329E178777CA66271FA4F&attach=1234|456
HTTP状态：
返回：

【2019-05-10 18:50:06】
订单号：20190510184938509710
通知地址：http://xlyt.info/pay/qddzf_weixin/n.php
通知报文：memberid=10118&orderid=2019051018493393515&transaction_id=20190510184938509710&amount=400.0000&datetime=20190510185002&returncode=00&sign=B77FAD22F7E54C3C8E8550376A1C1B62&attach=1234|456
HTTP状态：
返回：ok

【2019-05-10 18:54:35】
订单号：20190510181205535054
通知地址：http://xlyt.info/pay/qddzf_weixin/n.php
通知报文：memberid=10118&orderid=2019051018120442313&transaction_id=20190510181205535054&amount=1000.0000&datetime=20190510185434&returncode=00&sign=072F28D2B676544E07829950182E6D42&attach=1234|456
HTTP状态：
返回：ok

【2019-05-10 18:54:44】
订单号：20190510181205535054
通知地址：http://xlyt.info/pay/qddzf_weixin/n.php
通知报文：memberid=10118&orderid=2019051018120442313&transaction_id=20190510181205535054&amount=1000.0000&datetime=20190510185444&returncode=00&sign=807EAAB62D4A1136BB492607BA2482A1&attach=1234|456
HTTP状态：
返回：ok

【2019-05-10 18:56:02】
订单号：20190510185536561019
通知地址：http://xlyt.info/pay/qddzf_weixin/n.php
通知报文：memberid=10118&orderid=2019051018553433599&transaction_id=20190510185536561019&amount=600.0000&datetime=20190510185553&returncode=00&sign=0C75D2EFAA8EA5DB7223E8685983E8D1&attach=1234|456
HTTP状态：
返回：ok

【2019-05-10 18:57:23】
订单号：20190510185656565799
通知地址：http://xlyt.info/pay/qddzf_weixin/n.php
通知报文：memberid=10118&orderid=2019051018565645368&transaction_id=20190510185656565799&amount=1000.0000&datetime=20190510185713&returncode=00&sign=238FBDCF35ED2C6FC610F1BD3F80F054&attach=1234|456
HTTP状态：
返回：

【2019-05-10 18:57:37】
订单号：20190510185706501009
通知地址：http://xlyt.info/pay/qddzf_weixin/n.php
通知报文：memberid=10118&orderid=2019051018570580929&transaction_id=20190510185706501009&amount=300.0000&datetime=20190510185727&returncode=00&sign=6971FD6C2F644E8C112854A9A73B12B8&attach=1234|456
HTTP状态：
返回：

【2019-05-10 18:57:52】
订单号：20190510185721491004
通知地址：http://xlyt.info/pay/qddzf_weixin/n.php
通知报文：memberid=10118&orderid=2019051018572159948&transaction_id=20190510185721491004&amount=300.0000&datetime=20190510185748&returncode=00&sign=0507379A88FFAF4E22BBBC152774F6C8&attach=1234|456
HTTP状态：
返回：ok

【2019-05-10 19:00:29】
订单号：20190510181840484999
通知地址：http://xlyt.info/pay/qddzf_weixin/n.php
通知报文：memberid=10118&orderid=2019051018183986669&transaction_id=20190510181840484999&amount=300.0000&datetime=20190510190028&returncode=00&sign=88272B189AC03C876DA70B350C796983&attach=1234|456
HTTP状态：
返回：ok

【2019-05-10 19:00:33】
订单号：20190510185706501009
通知地址：http://xlyt.info/pay/qddzf_weixin/n.php
通知报文：memberid=10118&orderid=2019051018570580929&transaction_id=20190510185706501009&amount=300.0000&datetime=20190510190033&returncode=00&sign=4C6FC6E75A6FF40B425D9B1E464526A6&attach=1234|456
HTTP状态：
返回：ok

【2019-05-10 19:00:38】
订单号：20190510185939981009
通知地址：http://xlyt.info/pay/qddzf_weixin/n.php
通知报文：memberid=10118&orderid=2019051018593942915&transaction_id=20190510185939981009&amount=300.0000&datetime=20190510190028&returncode=00&sign=E900EC76F3D990C8B5025CD121576CFE&attach=1234|456
HTTP状态：
返回：

【2019-05-10 19:00:44】
订单号：20190510185656565799
通知地址：http://xlyt.info/pay/qddzf_weixin/n.php
通知报文：memberid=10118&orderid=2019051018565645368&transaction_id=20190510185656565799&amount=1000.0000&datetime=20190510190044&returncode=00&sign=A34DA61D6E02E94788EDD9F4F5678979&attach=1234|456
HTTP状态：
返回：ok

【2019-05-10 19:00:52】
订单号：20190509224607102575
通知地址：http://xlyt.info/pay/qddzf_weixin/n.php
通知报文：memberid=10118&orderid=2019050922460755579&transaction_id=20190509224607102575&amount=200.0000&datetime=20190510190052&returncode=00&sign=F7DF87AEE4D778EE2D38D77D4ED67834&attach=1234|456
HTTP状态：
返回：ok

【2019-05-10 19:00:55】
订单号：20190510185420995457
通知地址：http://xlyt.info/pay/qddzf_weixin/n.php
通知报文：memberid=10118&orderid=2019051018540196881&transaction_id=20190510185420995457&amount=300.0000&datetime=20190510190054&returncode=00&sign=98318D3A2E83C8AB6CA2DCEE5286BD83&attach=1234|456
HTTP状态：
返回：ok

【2019-05-10 19:01:08】
订单号：20190510183017575450
通知地址：http://xlyt.info/pay/qddzf_weixin/n.php
通知报文：memberid=10118&orderid=2019051018301711946&transaction_id=20190510183017575450&amount=600.0000&datetime=20190510190108&returncode=00&sign=72542E84CBB104E6E6D77C7CB2E45E08&attach=1234|456
HTTP状态：
返回：ok

【2019-05-10 19:01:22】
订单号：20190510184454545099
通知地址：http://xlyt.info/pay/qddzf_weixin/n.php
通知报文：memberid=10118&orderid=2019051018445324821&transaction_id=20190510184454545099&amount=300.0000&datetime=20190510190122&returncode=00&sign=10CBADD63E76EC40B48FD5F36EA58AF5&attach=1234|456
HTTP状态：
返回：ok

【2019-05-10 19:01:38】
订单号：20190510185939981009
通知地址：http://xlyt.info/pay/qddzf_weixin/n.php
通知报文：memberid=10118&orderid=2019051018593942915&transaction_id=20190510185939981009&amount=300.0000&datetime=20190510190138&returncode=00&sign=F8C5A308EA5B021AD5DD3ABE84F4814E&attach=1234|456
HTTP状态：
返回：ok

【2019-05-10 19:01:51】
订单号：20190510183009495352
通知地址：http://xlyt.info/pay/qddzf_weixin/n.php
通知报文：memberid=10118&orderid=2019051018300898031&transaction_id=20190510183009495352&amount=1000.0000&datetime=20190510190151&returncode=00&sign=6DE369B119F683A99BE52031B66BE24A&attach=1234|456
HTTP状态：
返回：ok

【2019-05-10 19:01:58】
订单号：20190510184257494897
通知地址：http://xlyt.info/pay/qddzf_weixin/n.php
通知报文：memberid=10118&orderid=2019051018425613827&transaction_id=20190510184257494897&amount=500.0000&datetime=20190510190158&returncode=00&sign=78083430CF2347B2A6622AA09767DEFC&attach=1234|456
HTTP状态：
返回：ok

【2019-05-10 19:03:18】
订单号：20190510183600485510
通知地址：http://xlyt.info/pay/qddzf_weixin/n.php
通知报文：memberid=10118&orderid=2019051018355978611&transaction_id=20190510183600485510&amount=300.0000&datetime=20190510190318&returncode=00&sign=DA75120DB8A82B47D9A7083727AB4D43&attach=1234|456
HTTP状态：
返回：ok

【2019-05-10 19:22:17】
订单号：20190510184936485656
通知地址：http://xlyt.info/pay/qddzf_weixin/n.php
通知报文：memberid=10118&orderid=2019051018493653850&transaction_id=20190510184936485656&amount=300.0000&datetime=20190510192207&returncode=00&sign=1174856AE86BD45281E889DDB2B07EDC&attach=1234|456
HTTP状态：
返回：

【2019-05-10 19:22:18】
订单号：20190510184936485656
通知地址：http://xlyt.info/pay/qddzf_weixin/n.php
通知报文：memberid=10118&orderid=2019051018493653850&transaction_id=20190510184936485656&amount=300.0000&datetime=20190510192218&returncode=00&sign=722920EDC45AB855132960B72C563083&attach=1234|456
HTTP状态：
返回：ok

【2019-05-10 19:22:18】
订单号：20190510184936485656
通知地址：http://xlyt.info/pay/qddzf_weixin/n.php
通知报文：memberid=10118&orderid=2019051018493653850&transaction_id=20190510184936485656&amount=300.0000&datetime=20190510192218&returncode=00&sign=722920EDC45AB855132960B72C563083&attach=1234|456
HTTP状态：
返回：ok

【2019-05-10 19:22:18】
订单号：20190510184936485656
通知地址：http://xlyt.info/pay/qddzf_weixin/n.php
通知报文：memberid=10118&orderid=2019051018493653850&transaction_id=20190510184936485656&amount=300.0000&datetime=20190510192218&returncode=00&sign=722920EDC45AB855132960B72C563083&attach=1234|456
HTTP状态：
返回：ok

【2019-05-10 19:22:18】
订单号：20190510184936485656
通知地址：http://xlyt.info/pay/qddzf_weixin/n.php
通知报文：memberid=10118&orderid=2019051018493653850&transaction_id=20190510184936485656&amount=300.0000&datetime=20190510192218&returncode=00&sign=722920EDC45AB855132960B72C563083&attach=1234|456
HTTP状态：
返回：ok

【2019-05-10 19:22:18】
订单号：20190510184936485656
通知地址：http://xlyt.info/pay/qddzf_weixin/n.php
通知报文：memberid=10118&orderid=2019051018493653850&transaction_id=20190510184936485656&amount=300.0000&datetime=20190510192218&returncode=00&sign=722920EDC45AB855132960B72C563083&attach=1234|456
HTTP状态：
返回：ok

【2019-05-10 19:22:18】
订单号：20190510184936485656
通知地址：http://xlyt.info/pay/qddzf_weixin/n.php
通知报文：memberid=10118&orderid=2019051018493653850&transaction_id=20190510184936485656&amount=300.0000&datetime=20190510192218&returncode=00&sign=722920EDC45AB855132960B72C563083&attach=1234|456
HTTP状态：
返回：ok

【2019-05-10 19:22:18】
订单号：20190510184936485656
通知地址：http://xlyt.info/pay/qddzf_weixin/n.php
通知报文：memberid=10118&orderid=2019051018493653850&transaction_id=20190510184936485656&amount=300.0000&datetime=20190510192218&returncode=00&sign=722920EDC45AB855132960B72C563083&attach=1234|456
HTTP状态：
返回：ok

【2019-05-10 19:22:18】
订单号：20190510184936485656
通知地址：http://xlyt.info/pay/qddzf_weixin/n.php
通知报文：memberid=10118&orderid=2019051018493653850&transaction_id=20190510184936485656&amount=300.0000&datetime=20190510192218&returncode=00&sign=722920EDC45AB855132960B72C563083&attach=1234|456
HTTP状态：
返回：ok

【2019-05-10 19:22:18】
订单号：20190510184936485656
通知地址：http://xlyt.info/pay/qddzf_weixin/n.php
通知报文：memberid=10118&orderid=2019051018493653850&transaction_id=20190510184936485656&amount=300.0000&datetime=20190510192218&returncode=00&sign=722920EDC45AB855132960B72C563083&attach=1234|456
HTTP状态：
返回：ok

【2019-05-10 19:22:18】
订单号：20190510184936485656
通知地址：http://xlyt.info/pay/qddzf_weixin/n.php
通知报文：memberid=10118&orderid=2019051018493653850&transaction_id=20190510184936485656&amount=300.0000&datetime=20190510192218&returncode=00&sign=722920EDC45AB855132960B72C563083&attach=1234|456
HTTP状态：
返回：ok

【2019-05-10 19:22:19】
订单号：20190510184936485656
通知地址：http://xlyt.info/pay/qddzf_weixin/n.php
通知报文：memberid=10118&orderid=2019051018493653850&transaction_id=20190510184936485656&amount=300.0000&datetime=20190510192218&returncode=00&sign=722920EDC45AB855132960B72C563083&attach=1234|456
HTTP状态：
返回：ok

【2019-05-10 19:22:19】
订单号：20190510184936485656
通知地址：http://xlyt.info/pay/qddzf_weixin/n.php
通知报文：memberid=10118&orderid=2019051018493653850&transaction_id=20190510184936485656&amount=300.0000&datetime=20190510192219&returncode=00&sign=1DA24EDDF77C13881A53513D463C5AE7&attach=1234|456
HTTP状态：
返回：ok

【2019-05-10 19:22:19】
订单号：20190510184936485656
通知地址：http://xlyt.info/pay/qddzf_weixin/n.php
通知报文：memberid=10118&orderid=2019051018493653850&transaction_id=20190510184936485656&amount=300.0000&datetime=20190510192219&returncode=00&sign=1DA24EDDF77C13881A53513D463C5AE7&attach=1234|456
HTTP状态：
返回：ok

【2019-05-10 19:22:19】
订单号：20190510184936485656
通知地址：http://xlyt.info/pay/qddzf_weixin/n.php
通知报文：memberid=10118&orderid=2019051018493653850&transaction_id=20190510184936485656&amount=300.0000&datetime=20190510192219&returncode=00&sign=1DA24EDDF77C13881A53513D463C5AE7&attach=1234|456
HTTP状态：
返回：ok

【2019-05-10 19:22:19】
订单号：20190510184936485656
通知地址：http://xlyt.info/pay/qddzf_weixin/n.php
通知报文：memberid=10118&orderid=2019051018493653850&transaction_id=20190510184936485656&amount=300.0000&datetime=20190510192219&returncode=00&sign=1DA24EDDF77C13881A53513D463C5AE7&attach=1234|456
HTTP状态：
返回：ok

【2019-05-10 19:22:19】
订单号：20190510184936485656
通知地址：http://xlyt.info/pay/qddzf_weixin/n.php
通知报文：memberid=10118&orderid=2019051018493653850&transaction_id=20190510184936485656&amount=300.0000&datetime=20190510192219&returncode=00&sign=1DA24EDDF77C13881A53513D463C5AE7&attach=1234|456
HTTP状态：
返回：ok

【2019-05-10 19:22:19】
订单号：20190510184936485656
通知地址：http://xlyt.info/pay/qddzf_weixin/n.php
通知报文：memberid=10118&orderid=2019051018493653850&transaction_id=20190510184936485656&amount=300.0000&datetime=20190510192219&returncode=00&sign=1DA24EDDF77C13881A53513D463C5AE7&attach=1234|456
HTTP状态：
返回：ok

【2019-05-10 19:22:19】
订单号：20190510184936485656
通知地址：http://xlyt.info/pay/qddzf_weixin/n.php
通知报文：memberid=10118&orderid=2019051018493653850&transaction_id=20190510184936485656&amount=300.0000&datetime=20190510192219&returncode=00&sign=1DA24EDDF77C13881A53513D463C5AE7&attach=1234|456
HTTP状态：
返回：ok

【2019-05-10 19:22:19】
订单号：20190510184936485656
通知地址：http://xlyt.info/pay/qddzf_weixin/n.php
通知报文：memberid=10118&orderid=2019051018493653850&transaction_id=20190510184936485656&amount=300.0000&datetime=20190510192219&returncode=00&sign=1DA24EDDF77C13881A53513D463C5AE7&attach=1234|456
HTTP状态：
返回：ok

【2019-05-10 19:22:19】
订单号：20190510184936485656
通知地址：http://xlyt.info/pay/qddzf_weixin/n.php
通知报文：memberid=10118&orderid=2019051018493653850&transaction_id=20190510184936485656&amount=300.0000&datetime=20190510192219&returncode=00&sign=1DA24EDDF77C13881A53513D463C5AE7&attach=1234|456
HTTP状态：
返回：ok

【2019-05-10 19:22:19】
订单号：20190510184936485656
通知地址：http://xlyt.info/pay/qddzf_weixin/n.php
通知报文：memberid=10118&orderid=2019051018493653850&transaction_id=20190510184936485656&amount=300.0000&datetime=20190510192219&returncode=00&sign=1DA24EDDF77C13881A53513D463C5AE7&attach=1234|456
HTTP状态：
返回：ok

【2019-05-10 19:22:19】
订单号：20190510184936485656
通知地址：http://xlyt.info/pay/qddzf_weixin/n.php
通知报文：memberid=10118&orderid=2019051018493653850&transaction_id=20190510184936485656&amount=300.0000&datetime=20190510192219&returncode=00&sign=1DA24EDDF77C13881A53513D463C5AE7&attach=1234|456
HTTP状态：
返回：ok

【2019-05-10 19:22:19】
订单号：20190510184936485656
通知地址：http://xlyt.info/pay/qddzf_weixin/n.php
通知报文：memberid=10118&orderid=2019051018493653850&transaction_id=20190510184936485656&amount=300.0000&datetime=20190510192219&returncode=00&sign=1DA24EDDF77C13881A53513D463C5AE7&attach=1234|456
HTTP状态：
返回：ok

【2019-05-10 19:22:20】
订单号：20190510184936485656
通知地址：http://xlyt.info/pay/qddzf_weixin/n.php
通知报文：memberid=10118&orderid=2019051018493653850&transaction_id=20190510184936485656&amount=300.0000&datetime=20190510192219&returncode=00&sign=1DA24EDDF77C13881A53513D463C5AE7&attach=1234|456
HTTP状态：
返回：ok

【2019-05-10 19:22:20】
订单号：20190510184936485656
通知地址：http://xlyt.info/pay/qddzf_weixin/n.php
通知报文：memberid=10118&orderid=2019051018493653850&transaction_id=20190510184936485656&amount=300.0000&datetime=20190510192220&returncode=00&sign=6BA4EB7A747FC3DCF83D22EB0EE7A77C&attach=1234|456
HTTP状态：
返回：ok

【2019-05-10 20:01:02】
订单号：20190510185939981015
通知地址：http://xlyt.info/pay/qddzf_weixin/n.php
通知报文：memberid=10118&orderid=2019051018593941504&transaction_id=20190510185939981015&amount=300.0000&datetime=20190510200102&returncode=00&sign=C862CBBFB93E97F6B8FE25BABE7DA2CD&attach=1234|456
HTTP状态：
返回：ok

【2019-05-10 20:02:47】
订单号：20190510190051514952
通知地址：http://xlyt.info/pay/qddzf_weixin/n.php
通知报文：memberid=10118&orderid=2019051019005054376&transaction_id=20190510190051514952&amount=2000.0000&datetime=20190510200247&returncode=00&sign=51041F86A396C8DB5ACFB598142DDA68&attach=1234|456
HTTP状态：
返回：ok

【2019-05-10 20:03:30】
订单号：20190510190051514952
通知地址：http://xlyt.info/pay/qddzf_weixin/n.php
通知报文：memberid=10118&orderid=2019051019005054376&transaction_id=20190510190051514952&amount=2000.0000&datetime=20190510200330&returncode=00&sign=1BD6CE0FE748008951A8CF61D1CA9F42&attach=1234|456
HTTP状态：
返回：ok

【2019-05-10 20:10:43】
订单号：20190510185244994810
通知地址：http://xlyt.info/pay/qddzf_weixin/n.php
通知报文：memberid=10118&orderid=2019051018524397123&transaction_id=20190510185244994810&amount=300.0000&datetime=20190510201042&returncode=00&sign=297D4D867418F3A7D62C3C3B3063A525&attach=1234|456
HTTP状态：
返回：ok

【2019-05-10 20:27:24】
订单号：20190510202707985751
通知地址：http://www.33wy30.cn/Pay_Test_notify.html
通知报文：memberid=10103&orderid=CS20190510202700285684&transaction_id=20190510202707985751&amount=1.0000&datetime=20190510202724&returncode=00&sign=D2F6467930FEA60DD0FCFF2534FBE941&attach=
HTTP状态：
返回：ok

【2019-05-10 23:13:49】
订单号：20190509225042505554
通知地址：http://xlyt.info/pay/qddzf_weixin/n.php
通知报文：memberid=10118&orderid=2019050922504210926&transaction_id=20190509225042505554&amount=199.9600&datetime=20190510231348&returncode=00&sign=B1F648D4AF162261AE3B8C66FD311CF2&attach=1234|456
HTTP状态：
返回：ok

【2019-05-10 23:13:50】
订单号：20190509225042505554
通知地址：http://xlyt.info/pay/qddzf_weixin/n.php
通知报文：memberid=10118&orderid=2019050922504210926&transaction_id=20190509225042505554&amount=199.9600&datetime=20190510231349&returncode=00&sign=8962387BB00742EEA191279DA7517950&attach=1234|456
HTTP状态：
返回：ok

