【2019-05-12 00:04:12】
订单号：20190512000402505310
通知地址：http://www.33wy30.cn/Pay_Test_notify.html
通知报文：memberid=10110&orderid=CS20190512000354988447&transaction_id=20190512000402505310&amount=1.0000&datetime=20190512000411&returncode=00&sign=84F6AFB0D04F63FB612082D5AE9E9B5B&attach=
HTTP状态：
返回：ok

【2019-05-12 00:49:21】
订单号：20190512004912569750
通知地址：http://www.33wy30.cn/Pay_Test_notify.html
通知报文：memberid=10110&orderid=CS20190512004902710042&transaction_id=20190512004912569750&amount=1.0000&datetime=20190512004921&returncode=00&sign=7FE08C5731BFDEF8CCEB71B689DDF03F&attach=
HTTP状态：
返回：ok

【2019-05-12 00:51:22】
订单号：20190512005112481019
通知地址：http://www.33wy30.cn/Pay_Test_notify.html
通知报文：memberid=10110&orderid=CS20190512005110257185&transaction_id=20190512005112481019&amount=1.0000&datetime=20190512005122&returncode=00&sign=CA8CA8324BDF22E71B342A8049DFD73C&attach=
HTTP状态：
返回：ok

【2019-05-12 00:52:19】
订单号：20190512005207551025
通知地址：http://www.33wy30.cn/Pay_Test_notify.html
通知报文：memberid=10110&orderid=CS20190512005204978910&transaction_id=20190512005207551025&amount=0.1000&datetime=20190512005219&returncode=00&sign=D08934BAB6BAB8A0C372FC85E4392BE6&attach=
HTTP状态：
返回：ok

【2019-05-12 01:11:57】
订单号：20190512011148521015
通知地址：http://www.33wy30.cn/Pay_Test_notify.html
通知报文：memberid=10127&orderid=CS20190512011045576142&transaction_id=20190512011148521015&amount=0.3000&datetime=20190512011157&returncode=00&sign=C7044FB100ED3696AC645C2C5A525863&attach=
HTTP状态：
返回：ok

【2019-05-12 01:18:03】
订单号：20190512011750101575
通知地址：http://www.33wy30.cn/Pay_Test_notify.html
通知报文：memberid=10127&orderid=CS20190512011747741494&transaction_id=20190512011750101575&amount=0.1000&datetime=20190512011803&returncode=00&sign=43B9942B634AF3A3D38AFF4F813C5675&attach=
HTTP状态：
返回：ok

【2019-05-12 04:50:31】
订单号：20190512045015555310
通知地址：http://www.33wy30.cn/Pay_Test_notify.html
通知报文：memberid=10127&orderid=CS20190512045012582791&transaction_id=20190512045015555310&amount=1.0000&datetime=20190512045031&returncode=00&sign=DAE337495B7989AA60CAF36A7B554911&attach=
HTTP状态：
返回：ok

【2019-05-12 08:00:26】
订单号：20190512080003515355
通知地址：http://www.33wy30.cn/Pay_Test_notify.html
通知报文：memberid=10127&orderid=CS20190512075957336515&transaction_id=20190512080003515355&amount=0.1000&datetime=20190512080026&returncode=00&sign=A1D2048E699A4C15E3C7411AD17F9700&attach=
HTTP状态：
返回：ok

【2019-05-12 08:13:38】
订单号：20190512081301100985
通知地址：http://www.33wy30.cn/Pay_Test_notify.html
通知报文：memberid=10103&orderid=CS20190512081256498543&transaction_id=20190512081301100985&amount=1.0000&datetime=20190512081338&returncode=00&sign=FA58E5CC1FEA20CB2268A94FB5E7C408&attach=
HTTP状态：
返回：ok

【2019-05-12 08:21:49】
订单号：20190512082113575797
通知地址：http://www.33wy30.cn/Pay_Test_notify.html
通知报文：memberid=10103&orderid=CS20190512082100260120&transaction_id=20190512082113575797&amount=1.0000&datetime=20190512082149&returncode=00&sign=952A36F80FFE61501F334FC9634F3FFF&attach=
HTTP状态：
返回：ok

【2019-05-12 09:22:19】
订单号：20190512092204995648
通知地址：http://www.33wy30.cn/Pay_Test_notify.html
通知报文：memberid=10103&orderid=CS20190512092159422803&transaction_id=20190512092204995648&amount=1.0000&datetime=20190512092219&returncode=00&sign=C228255E598C1D8F80E5D41492BE339E&attach=
HTTP状态：
返回：ok

【2019-05-12 09:31:34】
订单号：20190512093119555251
通知地址：http://www.33wy30.cn/Pay_Test_notify.html
通知报文：memberid=10103&orderid=CS20190512093114457374&transaction_id=20190512093119555251&amount=1.0000&datetime=20190512093134&returncode=00&sign=6831EAE96B66A9771E43407A1C4EBF5D&attach=
HTTP状态：
返回：ok

【2019-05-12 09:57:56】
订单号：20190512095743559751
通知地址：http://www.33wy30.cn/Pay_Test_notify.html
通知报文：memberid=10103&orderid=CS20190512095737269942&transaction_id=20190512095743559751&amount=1.0000&datetime=20190512095756&returncode=00&sign=14C7E5E44228794E923750D784A974C6&attach=
HTTP状态：
返回：ok

【2019-05-12 10:02:09】
订单号：20190512100154509799
通知地址：http://www.33wy30.cn/Pay_Test_notify.html
通知报文：memberid=10103&orderid=CS20190512100149959783&transaction_id=20190512100154509799&amount=0.1000&datetime=20190512100209&returncode=00&sign=394D282E2C33AE4C1AC710CA67907C71&attach=
HTTP状态：
返回：ok

【2019-05-12 10:04:56】
订单号：20190512100442975654
通知地址：http://www.33wy30.cn/Pay_Test_notify.html
通知报文：memberid=10103&orderid=CS20190512100434803103&transaction_id=20190512100442975654&amount=0.1000&datetime=20190512100456&returncode=00&sign=0C9BB4A2B07E6A0F05ECE3ACB10BB18E&attach=
HTTP状态：
返回：ok

【2019-05-12 10:25:38】
订单号：20190512102526545255
通知地址：http://www.33wy30.cn/Pay_Test_notify.html
通知报文：memberid=10103&orderid=CS20190512102455147468&transaction_id=20190512102526545255&amount=1.0000&datetime=20190512102538&returncode=00&sign=B55F1F4368BFAC07011EC1FC0C3591D5&attach=
HTTP状态：
返回：ok

【2019-05-12 10:26:23】
订单号：20190512102604991001
通知地址：http://www.33wy30.cn/Pay_Test_notify.html
通知报文：memberid=10127&orderid=CS20190512102600193911&transaction_id=20190512102604991001&amount=0.1000&datetime=20190512102623&returncode=00&sign=371519270D55C44818F5431F4B07968C&attach=
HTTP状态：
返回：ok

【2019-05-12 10:32:07】
订单号：20190512103145495055
通知地址：http://www.33wy30.cn/Pay_Test_notify.html
通知报文：memberid=10103&orderid=CS20190512103136510973&transaction_id=20190512103145495055&amount=0.1000&datetime=20190512103207&returncode=00&sign=869BCFCDB027DA6E8B7902A6FDC8C3BB&attach=
HTTP状态：
返回：ok

【2019-05-12 10:34:42】
订单号：20190512103132521015
通知地址：http://www.33wy30.cn/Pay_Test_notify.html
通知报文：memberid=10103&orderid=CS20190512103122645462&transaction_id=20190512103132521015&amount=1.0000&datetime=20190512103441&returncode=00&sign=A5E1C9B335D5709545D2B52AAF8CC651&attach=
HTTP状态：
返回：ok

【2019-05-12 10:47:36】
订单号：20190512104713494854
通知地址：http://www.33wy30.cn/Pay_Test_notify.html
通知报文：memberid=10103&orderid=CS20190512104708835427&transaction_id=20190512104713494854&amount=1.0000&datetime=20190512104736&returncode=00&sign=77A06BF15BB8174987EC2977C322772F&attach=
HTTP状态：
返回：ok

【2019-05-12 11:48:27】
订单号：20190512114727102100
通知地址：http://www.33wy30.cn/Pay_Test_notify.html
通知报文：memberid=10103&orderid=CS20190512114713913206&transaction_id=20190512114727102100&amount=1.0000&datetime=20190512114827&returncode=00&sign=0137E63DD31B2BACCE71D51C6E99F4C1&attach=
HTTP状态：
返回：ok

【2019-05-12 11:55:24】
订单号：20190512115509100100
通知地址：http://www.33wy30.cn/Pay_Test_notify.html
通知报文：memberid=10103&orderid=CS20190512115457125178&transaction_id=20190512115509100100&amount=0.2000&datetime=20190512115524&returncode=00&sign=DF4A2F1541105EBDFF221EE5956A4E9D&attach=
HTTP状态：
返回：ok

【2019-05-12 11:59:34】
订单号：20190512115923985757
通知地址：http://www.33wy30.cn/Pay_Test_notify.html
通知报文：memberid=10127&orderid=CS20190512115921929491&transaction_id=20190512115923985757&amount=0.1000&datetime=20190512115934&returncode=00&sign=5CD6B337A6B9354F2CAE2595DB1F9140&attach=
HTTP状态：
返回：ok

【2019-05-12 12:18:58】
订单号：20190512121800564954
通知地址：http://www.33wy30.cn/Pay_Test_notify.html
通知报文：memberid=10111&orderid=CS20190512121753501331&transaction_id=20190512121800564954&amount=0.0100&datetime=20190512121858&returncode=00&sign=D07860CC4745B6A599B9BD0F9D3AA2DD&attach=
HTTP状态：
返回：ok

【2019-05-12 12:20:16】
订单号：20190512121959102545
通知地址：http://www.33wy30.cn/Pay_Test_notify.html
通知报文：memberid=10111&orderid=CS20190512121936792765&transaction_id=20190512121959102545&amount=0.0100&datetime=20190512122016&returncode=00&sign=E83EFF94D276643A99A8550AC5C6B4F5&attach=
HTTP状态：
返回：ok

【2019-05-12 12:21:04】
订单号：20190512122049495356
通知地址：http://www.33wy30.cn/Pay_Test_notify.html
通知报文：memberid=10111&orderid=CS20190512122045775654&transaction_id=20190512122049495356&amount=0.0100&datetime=20190512122104&returncode=00&sign=FD2E6AE942C68D7CDC7B2FF3CFE34639&attach=
HTTP状态：
返回：ok

【2019-05-12 12:21:39】
订单号：20190512122127555553
通知地址：http://www.33wy30.cn/Pay_Test_notify.html
通知报文：memberid=10111&orderid=CS20190512122123909522&transaction_id=20190512122127555553&amount=0.0100&datetime=20190512122139&returncode=00&sign=7934FD2BF7DCD794E523071DB0C858B9&attach=
HTTP状态：
返回：ok

【2019-05-12 12:22:17】
订单号：20190512122202979755
通知地址：http://www.33wy30.cn/Pay_Test_notify.html
通知报文：memberid=10111&orderid=CS20190512122158918645&transaction_id=20190512122202979755&amount=0.0100&datetime=20190512122217&returncode=00&sign=5E335550104A2134490A07CF008792DE&attach=
HTTP状态：
返回：ok

【2019-05-12 12:23:06】
订单号：20190512122252999810
通知地址：http://www.33wy30.cn/Pay_Test_notify.html
通知报文：memberid=10111&orderid=CS20190512122247135132&transaction_id=20190512122252999810&amount=0.0100&datetime=20190512122306&returncode=00&sign=D2CF4861C943926763ACCAF87B0F4AE8&attach=
HTTP状态：
返回：ok

【2019-05-12 12:25:33】
订单号：20190512122331515451
通知地址：http://www.33wy30.cn/Pay_Test_notify.html
通知报文：memberid=10111&orderid=CS20190512122328982334&transaction_id=20190512122331515451&amount=0.0100&datetime=20190512122533&returncode=00&sign=D1A0156221AE81C7583AF0FBF3DA4740&attach=
HTTP状态：
返回：ok

【2019-05-12 12:29:30】
订单号：20190512122915984949
通知地址：http://www.33wy30.cn/Pay_Test_notify.html
通知报文：memberid=10111&orderid=CS20190512122909614408&transaction_id=20190512122915984949&amount=0.0100&datetime=20190512122930&returncode=00&sign=ED04867753B0CB26A62DA142C8A95EBF&attach=
HTTP状态：
返回：ok

【2019-05-12 12:30:23】
订单号：20190512123010501025
通知地址：http://www.33wy30.cn/Pay_Test_notify.html
通知报文：memberid=10111&orderid=CS20190512123007736669&transaction_id=20190512123010501025&amount=0.0100&datetime=20190512123023&returncode=00&sign=5DCAAAD4040624B6EFBEEDDE4C1BEFCF&attach=
HTTP状态：
返回：ok

【2019-05-12 12:30:56】
订单号：20190512123042504852
通知地址：http://www.33wy30.cn/Pay_Test_notify.html
通知报文：memberid=10111&orderid=CS20190512123037906467&transaction_id=20190512123042504852&amount=0.0100&datetime=20190512123056&returncode=00&sign=C725BF15E32B75D50DDC009E24ED252F&attach=
HTTP状态：
返回：ok

【2019-05-12 12:32:36】
订单号：20190512123220525410
通知地址：http://www.33wy30.cn/Pay_Test_notify.html
通知报文：memberid=10111&orderid=CS20190512123216260941&transaction_id=20190512123220525410&amount=0.0100&datetime=20190512123236&returncode=00&sign=AA1F2FED9875BC455FACAFD8E67C766F&attach=
HTTP状态：
返回：ok

【2019-05-12 12:34:07】
订单号：20190512123310545352
通知地址：http://www.33wy30.cn/Pay_Test_notify.html
通知报文：memberid=10111&orderid=CS20190512123258384771&transaction_id=20190512123310545352&amount=0.0100&datetime=20190512123407&returncode=00&sign=E854CE76AC8F885D932783C020AA1386&attach=
HTTP状态：
返回：ok

【2019-05-12 12:37:54】
订单号：20190512123738505610
通知地址：http://www.33wy30.cn/Pay_Test_notify.html
通知报文：memberid=10111&orderid=CS20190512123733279085&transaction_id=20190512123738505610&amount=0.0100&datetime=20190512123754&returncode=00&sign=9E3CB61A2AAE6E51B23CA80B9E7FFC6F&attach=
HTTP状态：
返回：ok

【2019-05-12 12:38:18】
订单号：20190512123804995653
通知地址：http://www.33wy30.cn/Pay_Test_notify.html
通知报文：memberid=10103&orderid=CS20190512123758657251&transaction_id=20190512123804995653&amount=0.1000&datetime=20190512123818&returncode=00&sign=19AAE76C04AB10744C3EB6AA63659003&attach=
HTTP状态：
返回：ok

【2019-05-12 12:39:19】
订单号：20190512123909100509
通知地址：http://www.33wy30.cn/Pay_Test_notify.html
通知报文：memberid=10103&orderid=CS20190512123903165767&transaction_id=20190512123909100509&amount=0.1000&datetime=20190512123919&returncode=00&sign=1870D048B0FD50594EB5D2DB41142324&attach=
HTTP状态：
返回：ok

【2019-05-12 12:43:15】
订单号：20190512124253100565
通知地址：http://www.33wy30.cn/Pay_Test_notify.html
通知报文：memberid=10103&orderid=CS20190512124243727678&transaction_id=20190512124253100565&amount=0.1000&datetime=20190512124315&returncode=00&sign=4FC7284FA7B68251990D9E35B5A3FF9D&attach=
HTTP状态：
返回：ok

【2019-05-12 13:01:43】
订单号：20190512130028995255
通知地址：http://www.33wy30.cn/Pay_Test_notify.html
通知报文：memberid=10127&orderid=CS20190512130012808080&transaction_id=20190512130028995255&amount=0.0100&datetime=20190512130142&returncode=00&sign=970BDF0085D066D145A605CE1359AD82&attach=
HTTP状态：
返回：ok

【2019-05-12 13:03:17】
订单号：20190512130305571005
通知地址：http://www.33wy30.cn/Pay_Test_notify.html
通知报文：memberid=10127&orderid=CS20190512130301567193&transaction_id=20190512130305571005&amount=0.0100&datetime=20190512130317&returncode=00&sign=46EBFC0E09029EF31A9ED1E6CD450A1E&attach=
HTTP状态：
返回：ok

【2019-05-12 13:03:56】
订单号：20190512130346509949
通知地址：http://www.33wy30.cn/Pay_Test_notify.html
通知报文：memberid=10127&orderid=CS20190512130342733806&transaction_id=20190512130346509949&amount=0.0100&datetime=20190512130356&returncode=00&sign=BCF73F25CFD3AED69ACFEA7955EC33D5&attach=
HTTP状态：
返回：ok

【2019-05-12 13:03:57】
订单号：20190512130344485053
通知地址：http://www.33wy30.cn/Pay_Test_notify.html
通知报文：memberid=10111&orderid=CS20190512130339900132&transaction_id=20190512130344485053&amount=0.0100&datetime=20190512130357&returncode=00&sign=E9263F8124FBFA017A958C335C2DA694&attach=
HTTP状态：
返回：ok

【2019-05-12 13:04:20】
订单号：20190512130411985156
通知地址：http://www.33wy30.cn/Pay_Test_notify.html
通知报文：memberid=10127&orderid=CS20190512130408731379&transaction_id=20190512130411985156&amount=0.0100&datetime=20190512130420&returncode=00&sign=83ECF35AD274C673DC0AF8BABE337B4F&attach=
HTTP状态：
返回：ok

【2019-05-12 13:05:21】
订单号：20190512130437539710
通知地址：http://www.33wy30.cn/Pay_Test_notify.html
通知报文：memberid=10127&orderid=CS20190512130433958385&transaction_id=20190512130437539710&amount=0.0100&datetime=20190512130521&returncode=00&sign=9359FCBABD365D6946754A352F7A1335&attach=
HTTP状态：
返回：ok

【2019-05-12 13:06:21】
订单号：20190512130601579752
通知地址：http://www.33wy30.cn/Pay_Test_notify.html
通知报文：memberid=10127&orderid=CS20190512130558562947&transaction_id=20190512130601579752&amount=0.0100&datetime=20190512130621&returncode=00&sign=B058A415611C6C32D64CEBEE454C73C9&attach=
HTTP状态：
返回：ok

【2019-05-12 13:06:26】
订单号：20190512130602975753
通知地址：http://www.33wy30.cn/Pay_Test_notify.html
通知报文：memberid=10103&orderid=CS20190512130558145725&transaction_id=20190512130602975753&amount=0.1000&datetime=20190512130626&returncode=00&sign=EED06ADB5DA22AE0F56C07E01D56C3B4&attach=
HTTP状态：
返回：ok

【2019-05-12 13:06:42】
订单号：20190512130635989897
通知地址：http://www.33wy30.cn/Pay_Test_notify.html
通知报文：memberid=10127&orderid=CS20190512130631799079&transaction_id=20190512130635989897&amount=0.0100&datetime=20190512130642&returncode=00&sign=B54C9AC520A1063866C48FD788EC7E94&attach=
HTTP状态：
返回：ok

【2019-05-12 13:07:21】
订单号：20190512130712485297
通知地址：http://www.33wy30.cn/Pay_Test_notify.html
通知报文：memberid=10127&orderid=CS20190512130704667518&transaction_id=20190512130712485297&amount=0.0100&datetime=20190512130721&returncode=00&sign=07EA622DDAD5D974DF58FAE405921E9D&attach=
HTTP状态：
返回：ok

【2019-05-12 13:07:57】
订单号：20190512130735555297
通知地址：http://www.33wy30.cn/Pay_Test_notify.html
通知报文：memberid=10127&orderid=CS20190512130731377433&transaction_id=20190512130735555297&amount=0.0100&datetime=20190512130757&returncode=00&sign=8251670E3A0AF9E579CA6BEE7212B375&attach=
HTTP状态：
返回：ok

【2019-05-12 13:08:25】
订单号：20190512130807551005
通知地址：http://www.33wy30.cn/Pay_Test_notify.html
通知报文：memberid=10127&orderid=CS20190512130804797880&transaction_id=20190512130807551005&amount=0.0100&datetime=20190512130825&returncode=00&sign=0305A42D9AFA0E72E7A153D025EA092E&attach=
HTTP状态：
返回：ok

【2019-05-12 13:08:50】
订单号：20190512130835515310
通知地址：http://www.33wy30.cn/Pay_Test_notify.html
通知报文：memberid=10127&orderid=CS20190512130832896157&transaction_id=20190512130835515310&amount=0.0100&datetime=20190512130850&returncode=00&sign=E3E0D049F9B37989DD41ED42577B5076&attach=
HTTP状态：
返回：ok

【2019-05-12 13:11:15】
订单号：20190512131106975610
通知地址：http://www.33wy30.cn/Pay_Test_notify.html
通知报文：memberid=10127&orderid=CS20190512131102834555&transaction_id=20190512131106975610&amount=0.0100&datetime=20190512131115&returncode=00&sign=E8F80422B9CA6B8B7980BD6924CA41A0&attach=
HTTP状态：
返回：ok

【2019-05-12 13:12:17】
订单号：20190512131201495297
通知地址：http://www.33wy30.cn/Pay_Test_notify.html
通知报文：memberid=10111&orderid=CS20190512131156174915&transaction_id=20190512131201495297&amount=0.0100&datetime=20190512131217&returncode=00&sign=7E7A2938CC2B7D82EA91C902A88C69BD&attach=
HTTP状态：
返回：ok

【2019-05-12 13:16:19】
订单号：20190512131610975299
通知地址：http://www.33wy30.cn/Pay_Test_notify.html
通知报文：memberid=10127&orderid=CS20190512131607778546&transaction_id=20190512131610975299&amount=0.0100&datetime=20190512131619&returncode=00&sign=CB26FA1744FE32D295536A233F02F938&attach=
HTTP状态：
返回：ok

【2019-05-12 13:16:45】
订单号：20190512131635515050
通知地址：http://www.33wy30.cn/Pay_Test_notify.html
通知报文：memberid=10127&orderid=CS20190512131628109998&transaction_id=20190512131635515050&amount=0.0100&datetime=20190512131645&returncode=00&sign=EAF774904DF9A12D8AE8EA3AB2C53844&attach=
HTTP状态：
返回：ok

【2019-05-12 13:17:05】
订单号：20190512131656565153
通知地址：http://www.33wy30.cn/Pay_Test_notify.html
通知报文：memberid=10127&orderid=CS20190512131653211548&transaction_id=20190512131656565153&amount=0.0100&datetime=20190512131705&returncode=00&sign=933D51E162BF9681F2219FA40555B1C2&attach=
HTTP状态：
返回：ok

【2019-05-12 13:17:30】
订单号：20190512131719102541
通知地址：http://www.33wy30.cn/Pay_Test_notify.html
通知报文：memberid=10127&orderid=CS20190512131716476285&transaction_id=20190512131719102541&amount=0.0100&datetime=20190512131730&returncode=00&sign=089BAB5A16B70DAC085412C77BBEDF6E&attach=
HTTP状态：
返回：ok

【2019-05-12 13:18:33】
订单号：20190512131819989950
通知地址：http://www.33wy30.cn/Pay_Test_notify.html
通知报文：memberid=10103&orderid=CS20190512131815398178&transaction_id=20190512131819989950&amount=0.1000&datetime=20190512131833&returncode=00&sign=33CADDB7E4BD97E9FB6D84D3C1A35BC1&attach=
HTTP状态：
返回：ok

【2019-05-12 13:19:48】
订单号：20190512131743559854
通知地址：http://www.33wy30.cn/Pay_Test_notify.html
通知报文：memberid=10127&orderid=CS20190512131741882828&transaction_id=20190512131743559854&amount=0.0100&datetime=20190512131947&returncode=00&sign=A483B8B5332482B2B24A2EFEFAA3E6C8&attach=
HTTP状态：
返回：ok

【2019-05-12 13:20:51】
订单号：20190512132031102991
通知地址：http://www.33wy30.cn/Pay_Test_notify.html
通知报文：memberid=10103&orderid=CS20190512132024443439&transaction_id=20190512132031102991&amount=0.2000&datetime=20190512132051&returncode=00&sign=8EED4FF23692779F14C083B8DB6BB5AD&attach=
HTTP状态：
返回：ok

【2019-05-12 13:21:03】
订单号：20190512132040569998
通知地址：http://www.33wy30.cn/Pay_Test_notify.html
通知报文：memberid=10127&orderid=CS20190512132038920111&transaction_id=20190512132040569998&amount=0.0100&datetime=20190512132103&returncode=00&sign=A836AE68AF35697C7201D5ACD06B4748&attach=
HTTP状态：
返回：ok

【2019-05-12 13:21:28】
订单号：20190512132119102485
通知地址：http://www.33wy30.cn/Pay_Test_notify.html
通知报文：memberid=10127&orderid=CS20190512132116645586&transaction_id=20190512132119102485&amount=0.0100&datetime=20190512132128&returncode=00&sign=9FEA07895FBC7924DD8D4A466B5C29EC&attach=
HTTP状态：
返回：ok

【2019-05-12 13:22:22】
订单号：20190512132211515510
通知地址：http://www.33wy30.cn/Pay_Test_notify.html
通知报文：memberid=10103&orderid=CS20190512132207745317&transaction_id=20190512132211515510&amount=0.1000&datetime=20190512132222&returncode=00&sign=172551DE924A57D85CF92B66D125F8D0&attach=
HTTP状态：
返回：ok

【2019-05-12 13:22:35】
订单号：20190512132226505610
通知地址：http://www.33wy30.cn/Pay_Test_notify.html
通知报文：memberid=10127&orderid=CS20190512132222455265&transaction_id=20190512132226505610&amount=0.0100&datetime=20190512132235&returncode=00&sign=820FF2A273BBBB32A7DBA36D5CE78688&attach=
HTTP状态：
返回：ok

【2019-05-12 13:23:59】
订单号：20190512132350545510
通知地址：http://www.33wy30.cn/Pay_Test_notify.html
通知报文：memberid=10103&orderid=CS20190512132343644916&transaction_id=20190512132350545510&amount=0.0100&datetime=20190512132359&returncode=00&sign=BA733494000034472768E998CC35BFAA&attach=
HTTP状态：
返回：ok

【2019-05-12 13:25:07】
订单号：20190512132455554856
通知地址：http://www.33wy30.cn/Pay_Test_notify.html
通知报文：memberid=10127&orderid=CS20190512132451651184&transaction_id=20190512132455554856&amount=0.0100&datetime=20190512132507&returncode=00&sign=BEE13A045AC18B25955803AB38CAE337&attach=
HTTP状态：
返回：ok

【2019-05-12 13:26:03】
订单号：20190512132554501025
通知地址：http://www.33wy30.cn/Pay_Test_notify.html
通知报文：memberid=10127&orderid=CS20190512132551914706&transaction_id=20190512132554501025&amount=0.0100&datetime=20190512132603&returncode=00&sign=7303BF3D7CC0BD9106746575235F5573&attach=
HTTP状态：
返回：ok

【2019-05-12 13:26:18】
订单号：20190512132607102524
通知地址：http://www.33wy30.cn/Pay_Test_notify.html
通知报文：memberid=10103&orderid=CS20190512132602605794&transaction_id=20190512132607102524&amount=0.0100&datetime=20190512132617&returncode=00&sign=8B62578B5CB413881BFB6EF4CC1D8A48&attach=
HTTP状态：
返回：ok

【2019-05-12 13:26:29】
订单号：20190512132621100485
通知地址：http://www.33wy30.cn/Pay_Test_notify.html
通知报文：memberid=10127&orderid=CS20190512132618561106&transaction_id=20190512132621100485&amount=0.0100&datetime=20190512132629&returncode=00&sign=556047A5275BD28629AFA65BD2FB5BBC&attach=
HTTP状态：
返回：ok

【2019-05-12 13:27:18】
订单号：20190512132707989998
通知地址：http://www.33wy30.cn/Pay_Test_notify.html
通知报文：memberid=10103&orderid=CS20190512132703299745&transaction_id=20190512132707989998&amount=0.0100&datetime=20190512132718&returncode=00&sign=0C360F51C342CF6F50565796B48F43A4&attach=
HTTP状态：
返回：ok

【2019-05-12 13:27:31】
订单号：20190512132717534810
通知地址：http://www.33wy30.cn/Pay_Test_notify.html
通知报文：memberid=10111&orderid=CS20190512132708596515&transaction_id=20190512132717534810&amount=0.0100&datetime=20190512132731&returncode=00&sign=7B51D9FCBCC56E1F04CA9C2CFEEA3298&attach=
HTTP状态：
返回：ok

【2019-05-12 13:28:45】
订单号：20190512132520484910
通知地址：http://www.33wy30.cn/Pay_Test_notify.html
通知报文：memberid=10127&orderid=CS20190512132516832246&transaction_id=20190512132520484910&amount=0.0100&datetime=20190512132845&returncode=00&sign=4D8767BEB11DC5E7D742CA42D6C0919F&attach=
HTTP状态：
返回：ok

【2019-05-12 13:28:47】
订单号：20190512132835514949
通知地址：http://www.33wy30.cn/Pay_Test_notify.html
通知报文：memberid=10111&orderid=CS20190512132830939329&transaction_id=20190512132835514949&amount=0.0100&datetime=20190512132847&returncode=00&sign=53450BD03B264027E90781AD062B91AD&attach=
HTTP状态：
返回：ok

【2019-05-12 13:29:43】
订单号：20190512132925531024
通知地址：http://www.33wy30.cn/Pay_Test_notify.html
通知报文：memberid=10111&orderid=CS20190512132921962161&transaction_id=20190512132925531024&amount=0.0100&datetime=20190512132943&returncode=00&sign=FAEDF684E5835E298CB808A28E4876B1&attach=
HTTP状态：
返回：ok

【2019-05-12 13:30:12】
订单号：20190512132959555799
通知地址：http://www.33wy30.cn/Pay_Test_notify.html
通知报文：memberid=10127&orderid=CS20190512132956276566&transaction_id=20190512132959555799&amount=0.0100&datetime=20190512133012&returncode=00&sign=D40C62E9E8ADEDF5AF57AA74BF3A25A4&attach=
HTTP状态：
返回：ok

【2019-05-12 13:31:47】
订单号：20190512133134545654
通知地址：http://www.33wy30.cn/Pay_Test_notify.html
通知报文：memberid=10111&orderid=CS20190512133129228444&transaction_id=20190512133134545654&amount=0.0100&datetime=20190512133147&returncode=00&sign=30AB5437E9EBB451877EF778459B5E6F&attach=
HTTP状态：
返回：ok

【2019-05-12 13:38:31】
订单号：20190512133816565498
通知地址：http://www.33wy30.cn/Pay_Test_notify.html
通知报文：memberid=10111&orderid=CS20190512133811126443&transaction_id=20190512133816565498&amount=0.0100&datetime=20190512133831&returncode=00&sign=605992E4B5F5D5580CEABB9D3AC4D770&attach=
HTTP状态：
返回：ok

【2019-05-12 13:40:22】
订单号：20190512134009574850
通知地址：http://www.33wy30.cn/Pay_Test_notify.html
通知报文：memberid=10111&orderid=CS20190512134004508832&transaction_id=20190512134009574850&amount=0.0100&datetime=20190512134022&returncode=00&sign=37F108B22BAFD311D2A9A67E40E3F8E9&attach=
HTTP状态：
返回：ok

【2019-05-12 13:41:34】
订单号：20190512134114974950
通知地址：http://www.33wy30.cn/Pay_Test_notify.html
通知报文：memberid=10103&orderid=CS20190512134105432310&transaction_id=20190512134114974950&amount=0.1000&datetime=20190512134134&returncode=00&sign=52BF821FDBA57468C13E1A819C61DE7C&attach=
HTTP状态：
返回：ok

【2019-05-12 13:42:19】
订单号：20190512134208485797
通知地址：http://www.33wy30.cn/Pay_Test_notify.html
通知报文：memberid=10111&orderid=CS20190512134159714077&transaction_id=20190512134208485797&amount=0.0100&datetime=20190512134219&returncode=00&sign=164E25A2B1EF47D24D897715A4DFB86F&attach=
HTTP状态：
返回：ok

【2019-05-12 13:44:23】
订单号：20190512134314505249
通知地址：http://www.33wy30.cn/Pay_Test_notify.html
通知报文：memberid=10103&orderid=CS20190512134306748367&transaction_id=20190512134314505249&amount=0.0100&datetime=20190512134423&returncode=00&sign=F1E7FE6963B076C50F5628DBC276250B&attach=
HTTP状态：
返回：ok

【2019-05-12 13:45:04】
订单号：20190512134450509948
通知地址：http://www.33wy30.cn/Pay_Test_notify.html
通知报文：memberid=10111&orderid=CS20190512134445344876&transaction_id=20190512134450509948&amount=0.0100&datetime=20190512134504&returncode=00&sign=3A481A4F3B78C213F347F4EF56D05AF6&attach=
HTTP状态：
返回：ok

【2019-05-12 14:43:23】
订单号：20190512144308991015
通知地址：http://www.33wy30.cn/Pay_Charges_notify.html
通知报文：memberid=10127&orderid=C20190512144308191801&transaction_id=20190512144308991015&amount=0.0100&datetime=20190512144323&returncode=00&sign=4748C342B81285E27019B817DD4EC4F7&attach=
HTTP状态：
返回：OK

【2019-05-12 14:50:03】
订单号：20190512144820525650
通知地址：http://www.33wy30.cn/Pay_Charges_notify.html
通知报文：memberid=10127&orderid=C20190512144820487860&transaction_id=20190512144820525650&amount=0.0100&datetime=20190512145002&returncode=00&sign=F997D6C20C805CE0023BFAA5F362B1E1&attach=
HTTP状态：
返回：OK

【2019-05-12 16:04:18】
订单号：20190512160358101575
通知地址：http://www.33wy30.cn/Pay_Test_notify.html
通知报文：memberid=10103&orderid=CS20190512160350936384&transaction_id=20190512160358101575&amount=0.1000&datetime=20190512160418&returncode=00&sign=71291BDBD59D4B12F5EB0ED477CC981E&attach=
HTTP状态：
返回：ok

【2019-05-12 17:06:51】
订单号：20190512170641494951
通知地址：http://www.33wy30.cn/Pay_Test_notify.html
通知报文：memberid=10127&orderid=CS20190512170637581480&transaction_id=20190512170641494951&amount=0.0100&datetime=20190512170651&returncode=00&sign=2DD500B041706C33DA1156FEEEFFB8BA&attach=
HTTP状态：
返回：ok

【2019-05-12 18:50:45】
订单号：20190512185029539950
通知地址：http://www.33wy30.cn/Pay_Test_notify.html
通知报文：memberid=10103&orderid=CS20190512185024646562&transaction_id=20190512185029539950&amount=1.0000&datetime=20190512185045&returncode=00&sign=5FBD7065137D770A6018F377C77B983B&attach=
HTTP状态：
返回：ok

【2019-05-12 18:57:11】
订单号：20190512185657571015
通知地址：http://www.33wy30.cn/Pay_Test_notify.html
通知报文：memberid=10103&orderid=CS20190512185652941942&transaction_id=20190512185657571015&amount=0.0100&datetime=20190512185711&returncode=00&sign=F9D643E1B7D1EC0246B00790B752AA95&attach=
HTTP状态：
返回：ok

【2019-05-12 19:46:48】
订单号：20190512194634971014
通知地址：http://www.33wy30.cn/Pay_Test_notify.html
通知报文：memberid=10103&orderid=CS20190512194630787109&transaction_id=20190512194634971014&amount=0.0100&datetime=20190512194648&returncode=00&sign=25AD87645E284789037AEAAC8ACFD77E&attach=
HTTP状态：
返回：ok

【2019-05-12 19:50:31】
订单号：20190512195006101554
通知地址：http://www.33wy30.cn/Pay_Test_notify.html
通知报文：memberid=10103&orderid=CS20190512195002159178&transaction_id=20190512195006101554&amount=0.0100&datetime=20190512195031&returncode=00&sign=19256D9D12629F765C571E12A0DD1FCB&attach=
HTTP状态：
返回：ok

【2019-05-12 19:51:30】
订单号：20190512195102544955
通知地址：http://www.33wy30.cn/Pay_Test_notify.html
通知报文：memberid=10103&orderid=CS20190512195057671472&transaction_id=20190512195102544955&amount=0.0100&datetime=20190512195130&returncode=00&sign=2257E1445247F252BE97EA8DE558C2A3&attach=
HTTP状态：
返回：ok

【2019-05-12 20:06:46】
订单号：20190512200626505597
通知地址：http://www.33wy30.cn/Pay_Charges_notify.html
通知报文：memberid=10103&orderid=C20190512200626991035&transaction_id=20190512200626505597&amount=1.0000&datetime=20190512200646&returncode=00&sign=FAEA03A5DAF46A3846BC447A8C1941D4&attach=
HTTP状态：
返回：OK

【2019-05-12 20:08:23】
订单号：20190512200810975056
通知地址：http://www.33wy30.cn/Pay_Test_notify.html
通知报文：memberid=10103&orderid=CS20190512200754512917&transaction_id=20190512200810975056&amount=0.1000&datetime=20190512200823&returncode=00&sign=5C47E4CF5E26081D96A783F989571D6A&attach=
HTTP状态：
返回：ok

【2019-05-12 20:14:50】
订单号：20190512201424485248
通知地址：http://www.33wy30.cn/Pay_Test_notify.html
通知报文：memberid=10103&orderid=CS20190512201413300913&transaction_id=20190512201424485248&amount=200.0000&datetime=20190512201450&returncode=00&sign=C0C2A1AF43A09B20EDE4FF8BFA36E1F7&attach=
HTTP状态：
返回：ok

【2019-05-12 20:19:40】
订单号：20190512201848565248
通知地址：http://47.99.70.212:9096/Pay_QianduduWxSm_notifyurl.html
通知报文：memberid=10129&orderid=20190512201847559952&transaction_id=20190512201848565248&amount=1.0000&datetime=20190512201939&returncode=00&sign=5BEA8922E710A3E94C3A1713B7F8826C&attach=
HTTP状态：
返回：ok

【2019-05-12 20:28:35】
订单号：20190512202616561011
通知地址：http://47.99.70.212:9096/Pay_QianduduWxSm_notifyurl.html
通知报文：memberid=10129&orderid=20190512202616565349&transaction_id=20190512202616561011&amount=1.0000&datetime=20190512202834&returncode=00&sign=0484C2178EA510357611BADE90E04432&attach=
HTTP状态：
返回：ok

【2019-05-12 20:30:21】
订单号：20190512203005100505
通知地址：http://www.33wy30.cn/Pay_Test_notify.html
通知报文：memberid=10103&orderid=CS20190512203001623249&transaction_id=20190512203005100505&amount=0.1000&datetime=20190512203021&returncode=00&sign=94B28989B962DC69858F9790B91778C4&attach=
HTTP状态：
返回：ok

【2019-05-12 20:31:40】
订单号：20190512203129495198
通知地址：http://www.33wy30.cn/Pay_Test_notify.html
通知报文：memberid=10103&orderid=CS20190512203054767689&transaction_id=20190512203129495198&amount=0.1000&datetime=20190512203140&returncode=00&sign=397EA428F571F3766B4C4409254BB66C&attach=
HTTP状态：
返回：ok

【2019-05-12 20:50:34】
订单号：20190512204937491015
通知地址：http://www.33wy30.cn/Pay_Charges_notify.html
通知报文：memberid=10129&orderid=C20190512204937834968&transaction_id=20190512204937491015&amount=1.0000&datetime=20190512205034&returncode=00&sign=CD9C3F9561B85D593614F3B94208D57E&attach=
HTTP状态：
返回：OK

【2019-05-12 20:52:52】
订单号：20190512205238541015
通知地址：http://www.33wy30.cn/Pay_Test_notify.html
通知报文：memberid=10103&orderid=CS20190512205234829204&transaction_id=20190512205238541015&amount=1.0000&datetime=20190512205252&returncode=00&sign=CBC10627E6243F5366463E3D85388524&attach=
HTTP状态：
返回：ok

【2019-05-12 20:54:33】
订单号：20190512205402979910
通知地址：http://www.33wy30.cn/Pay_Charges_notify.html
通知报文：memberid=10129&orderid=C20190512205402715488&transaction_id=20190512205402979910&amount=500.0000&datetime=20190512205433&returncode=00&sign=42F884C3CCDB98233F56B26EE01986ED&attach=
HTTP状态：
返回：OK

