【2019-05-09 16:05:46】
订单号：20190509160524525399
通知地址：http://www.33wy30.cn/Pay_Test_notify.html
通知报文：memberid=10102&orderid=CS20190509160513155605&transaction_id=20190509160524525399&amount=1.0000&datetime=20190509160546&returncode=00&sign=A62D73F4F52BB3BFAED194149A6CBCF9&attach=
HTTP状态：
返回：ok

【2019-05-09 16:11:52】
订单号：20190509161123984953
通知地址：http://www.33wy30.cn/Pay_Test_notify.html
通知报文：memberid=10102&orderid=CS20190509161119941368&transaction_id=20190509161123984953&amount=1.0000&datetime=20190509161151&returncode=00&sign=F7E196A24C4C75D9099E4E9EF15D0A14&attach=
HTTP状态：
返回：ok

【2019-05-09 19:08:39】
订单号：20190509190342101565
通知地址：http://xlyt.info/pay/qddzf_weixin/n.php
通知报文：memberid=10118&orderid=2019050919034225346&transaction_id=20190509190342101565&amount=10.0000&datetime=20190509190839&returncode=00&sign=9B1F7127E36BE958E685DE2F11F1F7D8&attach=1234|456
HTTP状态：
返回：ok

【2019-05-09 19:09:07】
订单号：20190509190144565555
通知地址：http://www.33wy30.cn/Pay_Test_notify.html
通知报文：memberid=10110&orderid=CS20190509190136163101&transaction_id=20190509190144565555&amount=1.0000&datetime=20190509190907&returncode=00&sign=6DA95D0014A8D385B894C06AB8FF3449&attach=
HTTP状态：
返回：ok

【2019-05-09 19:09:18】
订单号：20190509190105499910
通知地址：http://www.33wy30.cn/Pay_Test_notify.html
通知报文：memberid=10103&orderid=CS20190509190049902454&transaction_id=20190509190105499910&amount=0.1000&datetime=20190509190918&returncode=00&sign=6B618E03EBFEE81574B7C729D1CDE667&attach=
HTTP状态：
返回：ok

【2019-05-09 19:11:13】
订单号：20190509184039555410
通知地址：http://xlyt.info/pay/qddzf_weixin/n.php
通知报文：memberid=10118&orderid=2019050918403941289&transaction_id=20190509184039555410&amount=10.0000&datetime=20190509191113&returncode=00&sign=A33AEDDA85283FCEC71F99FCC514D909&attach=1234|456
HTTP状态：
返回：ok

【2019-05-09 19:11:26】
订单号：20190509191002975710
通知地址：http://xlyt.info/pay/qddzf_weixin/n.php
通知报文：memberid=10118&orderid=2019050919100283934&transaction_id=20190509191002975710&amount=10.0000&datetime=20190509191126&returncode=00&sign=30DE86C197DCDAA5459DD2248752677A&attach=1234|456
HTTP状态：
返回：ok

【2019-05-09 19:16:56】
订单号：20190509191630101525
通知地址：http://www.33wy30.cn/Pay_Test_notify.html
通知报文：memberid=10103&orderid=CS20190509191613234393&transaction_id=20190509191630101525&amount=10.0000&datetime=20190509191656&returncode=00&sign=56C8B4175A967E33A095E0255A31FD0B&attach=
HTTP状态：
返回：ok

【2019-05-09 19:21:01】
订单号：20190509192032489756
通知地址：http://xlyt.info/pay/qddzf_weixin/n.php
通知报文：memberid=10118&orderid=2019050919202981658&transaction_id=20190509192032489756&amount=1.0000&datetime=20190509192100&returncode=00&sign=42A85A8C180DAB7FB661A0A001281EE7&attach=1234|456
HTTP状态：
返回：ok

【2019-05-09 19:25:37】
订单号：20190509192445100535
通知地址：http://www.33wy30.cn/Pay_Test_notify.html
通知报文：memberid=10110&orderid=CS20190509192441343485&transaction_id=20190509192445100535&amount=9.9800&datetime=20190509192537&returncode=00&sign=EB742280257E9E0FFBEAD35F1C2AFCD6&attach=
HTTP状态：
返回：ok

【2019-05-09 19:28:33】
订单号：20190509192818505054
通知地址：http://www.33wy30.cn/Pay_Test_notify.html
通知报文：memberid=10103&orderid=CS20190509192808488616&transaction_id=20190509192818505054&amount=1.0000&datetime=20190509192833&returncode=00&sign=47606BE8D8E7347264F59F39ED6EEA12&attach=
HTTP状态：
返回：ok

【2019-05-09 19:31:12】
订单号：20190509193057495210
通知地址：http://www.33wy30.cn/Pay_Test_notify.html
通知报文：memberid=10103&orderid=CS20190509193049867284&transaction_id=20190509193057495210&amount=1.0000&datetime=20190509193112&returncode=00&sign=B1BB5E32D4CF9D4B582C9E3EEA1EC606&attach=
HTTP状态：
返回：ok

【2019-05-09 19:33:06】
订单号：20190509193225571005
通知地址：http://xlyt.info/pay/qddzf_weixin/n.php
通知报文：memberid=10118&orderid=2019050919322553272&transaction_id=20190509193225571005&amount=10.0000&datetime=20190509193306&returncode=00&sign=3CE7AB8504520E840D686D93D4B7E952&attach=1234|456
HTTP状态：
返回：ok

【2019-05-09 19:33:32】
订单号：20190509193302101524
通知地址：http://www.33wy30.cn/Pay_Charges_notify.html
通知报文：memberid=10118&orderid=C20190509193302327520&transaction_id=20190509193302101524&amount=1.0000&datetime=20190509193332&returncode=00&sign=9EBAD2949888A3FE492A67885450BA4F&attach=
HTTP状态：
返回：OK

【2019-05-09 19:34:33】
订单号：20190509193421100979
通知地址：http://xlyt.info/pay/qddzf_weixin/n.php
通知报文：memberid=10118&orderid=2019050919342126514&transaction_id=20190509193421100979&amount=10.0000&datetime=20190509193433&returncode=00&sign=CD47723713B5AF901A5502DA610E8813&attach=1234|456
HTTP状态：
返回：ok

【2019-05-09 19:35:24】
订单号：20190509193512481015
通知地址：http://xlyt.info/pay/qddzf_weixin/n.php
通知报文：memberid=10118&orderid=2019050919351240463&transaction_id=20190509193512481015&amount=10.0000&datetime=20190509193524&returncode=00&sign=75953FDDF481283643214B4DD92255DE&attach=1234|456
HTTP状态：
返回：ok

【2019-05-09 19:46:49】
订单号：20190509182344489753
通知地址：http://xlyt.info/pay/xyzf_alipay/n.php
通知报文：memberid=10118&orderid=2019050918234440849&transaction_id=20190509182344489753&amount=10.0000&datetime=20190509194649&returncode=00&sign=879008CC7DB9F93DA9D373C029BA88A7&attach=1234|456
HTTP状态：
返回：

【2019-05-09 19:47:26】
订单号：20190509182438545757
通知地址：http://xlyt.info/pay/xyzf_alipay/n.php
通知报文：memberid=10118&orderid=2019050918243812542&transaction_id=20190509182438545757&amount=100.0000&datetime=20190509194726&returncode=00&sign=8E8B698908942EEBE9DA29675B069C49&attach=1234|456
HTTP状态：
返回：

【2019-05-09 20:03:47】
订单号：20190509191413539910
通知地址：http://www.33wy30.cn/Pay_Test_notify.html
通知报文：memberid=10103&orderid=CS20190509191406863937&transaction_id=20190509191413539910&amount=9.9900&datetime=20190509200347&returncode=00&sign=03782DE9BAB726D5804704203F3DB7BB&attach=
HTTP状态：
返回：ok

【2019-05-09 20:04:04】
订单号：20190509200345495056
通知地址：http://www.33wy30.cn/Pay_Test_notify.html
通知报文：memberid=10110&orderid=CS20190509200341545686&transaction_id=20190509200345495056&amount=1.0000&datetime=20190509200404&returncode=00&sign=B69CB58724CD9211B616E17DF7EB3D35&attach=
HTTP状态：
返回：ok

【2019-05-09 20:21:58】
订单号：20190509201945495710
通知地址：http://www.33wy30.cn/Pay_Test_notify.html
通知报文：memberid=10110&orderid=CS20190509201939774619&transaction_id=20190509201945495710&amount=1.0000&datetime=20190509202158&returncode=00&sign=3BA06378C11F6E0D3A08890BE17DD3AF&attach=
HTTP状态：
返回：ok

【2019-05-09 20:24:06】
订单号：20190509202259514997
通知地址：http://www.33wy30.cn/Pay_Charges_notify.html
通知报文：memberid=10110&orderid=C20190509202258695992&transaction_id=20190509202259514997&amount=1.0000&datetime=20190509202406&returncode=00&sign=FD3A55C9AF51F0860AEB974916F5F988&attach=
HTTP状态：
返回：OK

【2019-05-09 20:25:51】
订单号：20190509202539515655
通知地址：http://www.33wy30.cn/Pay_Charges_notify.html
通知报文：memberid=10110&orderid=C20190509202539168206&transaction_id=20190509202539515655&amount=1.0000&datetime=20190509202551&returncode=00&sign=3ACAF4598D568C153A75173F84BA3B13&attach=
HTTP状态：
返回：OK

【2019-05-09 20:30:14】
订单号：20190509202958545649
通知地址：http://www.33wy30.cn/Pay_Test_notify.html
通知报文：memberid=10103&orderid=CS20190509202953397974&transaction_id=20190509202958545649&amount=0.9900&datetime=20190509203014&returncode=00&sign=818B5DAD1688C1A12D1D2FD13D99AC8D&attach=
HTTP状态：
返回：ok

【2019-05-09 20:31:08】
订单号：20190509203050979952
通知地址：http://www.33wy30.cn/Pay_Test_notify.html
通知报文：memberid=10110&orderid=CS20190509203047591583&transaction_id=20190509203050979952&amount=1.0000&datetime=20190509203107&returncode=00&sign=987AC3695E64ED6F547057F14F66C538&attach=
HTTP状态：
返回：ok

【2019-05-09 20:31:50】
订单号：20190509203112485548
通知地址：http://www.33wy30.cn/Pay_Test_notify.html
通知报文：memberid=10110&orderid=CS20190509203109201377&transaction_id=20190509203112485548&amount=1.0000&datetime=20190509203150&returncode=00&sign=4D4F31E780ECB90626963B9F0EC35273&attach=
HTTP状态：
返回：ok

【2019-05-09 21:37:55】
订单号：20190509213737495657
通知地址：http://www.33wy30.cn/Pay_Test_notify.html
通知报文：memberid=10103&orderid=CS20190509213733860260&transaction_id=20190509213737495657&amount=1.0000&datetime=20190509213755&returncode=00&sign=BB6E0F960271827899DE21D03C6EAAA7&attach=
HTTP状态：
返回：ok

【2019-05-09 22:36:44】
订单号：20190509223631102549
通知地址：http://www.33wy30.cn/Pay_Charges_notify.html
通知报文：memberid=10110&orderid=C20190509223631318561&transaction_id=20190509223631102549&amount=1.0000&datetime=20190509223644&returncode=00&sign=0A5BB8B1469874BF2C74C30FB50E283C&attach=
HTTP状态：
返回：OK

【2019-05-09 22:36:47】
订单号：20190509223629100569
通知地址：http://xlyt.info/pay/qddzf_weixin/n.php
通知报文：memberid=10118&orderid=2019050922362923789&transaction_id=20190509223629100569&amount=10.0000&datetime=20190509223647&returncode=00&sign=0548629AA71B07FC9C3893152B756ECB&attach=1234|456
HTTP状态：
返回：ok

【2019-05-09 22:41:31】
订单号：20190509224109535653
通知地址：http://www.33wy30.cn/Pay_Test_notify.html
通知报文：memberid=10103&orderid=CS20190509224102292659&transaction_id=20190509224109535653&amount=1.0000&datetime=20190509224131&returncode=00&sign=9561BDC641EC282E57ECCD831D02B301&attach=
HTTP状态：
返回：ok

【2019-05-09 22:43:44】
订单号：20190509224317531014
通知地址：http://xlyt.info/pay/qddzf_weixin/n.php
通知报文：memberid=10118&orderid=2019050922431792956&transaction_id=20190509224317531014&amount=200.0000&datetime=20190509224341&returncode=00&sign=2A375FB10CF76CAB24451689A5D06D4D&attach=1234|456
HTTP状态：
返回：ok

【2019-05-09 22:44:03】
订单号：20190509224321575299
通知地址：http://xlyt.info/pay/qddzf_weixin/n.php
通知报文：memberid=10118&orderid=2019050922432047696&transaction_id=20190509224321575299&amount=200.0000&datetime=20190509224400&returncode=00&sign=2FA598ED2DFFDC7F5198BDC7983329EA&attach=1234|456
HTTP状态：
返回：ok

【2019-05-09 22:44:05】
订单号：20190509224308995248
通知地址：http://xlyt.info/pay/qddzf_weixin/n.php
通知报文：memberid=10118&orderid=2019050922430768591&transaction_id=20190509224308995248&amount=100.0000&datetime=20190509224404&returncode=00&sign=9DACA485BC9CAFFAE744AC928A26791F&attach=1234|456
HTTP状态：
返回：ok

【2019-05-09 22:44:21】
订单号：20190509224325100531
通知地址：http://xlyt.info/pay/qddzf_weixin/n.php
通知报文：memberid=10118&orderid=2019050922432488015&transaction_id=20190509224325100531&amount=200.0000&datetime=20190509224417&returncode=00&sign=1D216E7AF89F920D3D379A0C513E9744&attach=1234|456
HTTP状态：
返回：ok

【2019-05-09 22:44:38】
订单号：20190509224404529999
通知地址：http://xlyt.info/pay/qddzf_weixin/n.php
通知报文：memberid=10118&orderid=2019050922440481887&transaction_id=20190509224404529999&amount=200.0000&datetime=20190509224434&returncode=00&sign=B2D2499A84DD3A9584FA4DFD023DA37B&attach=1234|456
HTTP状态：
返回：ok

【2019-05-09 22:44:40】
订单号：20190509224356995750
通知地址：http://xlyt.info/pay/qddzf_weixin/n.php
通知报文：memberid=10118&orderid=2019050922435610387&transaction_id=20190509224356995750&amount=100.0000&datetime=20190509224439&returncode=00&sign=10DD5E6B208BAEB11FDE72506F48A0B9&attach=1234|456
HTTP状态：
返回：ok

【2019-05-09 22:45:40】
订单号：20190509224512565510
通知地址：http://xlyt.info/pay/qddzf_weixin/n.php
通知报文：memberid=10118&orderid=2019050922451272413&transaction_id=20190509224512565510&amount=500.0000&datetime=20190509224536&returncode=00&sign=929EA3708766746C74B6C960ECBF6E90&attach=1234|456
HTTP状态：
返回：ok

【2019-05-09 22:45:43】
订单号：20190509224524524910
通知地址：http://xlyt.info/pay/qddzf_weixin/n.php
通知报文：memberid=10118&orderid=2019050922452391843&transaction_id=20190509224524524910&amount=100.0000&datetime=20190509224543&returncode=00&sign=E78C41DB239D7CB40CCB7D3ADC087580&attach=1234|456
HTTP状态：
返回：ok

【2019-05-09 22:45:50】
订单号：20190509224234975210
通知地址：http://xlyt.info/pay/qddzf_weixin/n.php
通知报文：memberid=10118&orderid=2019050922423343173&transaction_id=20190509224234975210&amount=100.0000&datetime=20190509224549&returncode=00&sign=A14C1B0EEE89E5DD57B60DED3B036178&attach=1234|456
HTTP状态：
返回：ok

【2019-05-09 22:45:58】
订单号：20190509224508525197
通知地址：http://xlyt.info/pay/qddzf_weixin/n.php
通知报文：memberid=10118&orderid=2019050922450786829&transaction_id=20190509224508525197&amount=100.0000&datetime=20190509224557&returncode=00&sign=4FA1524789F16AB357164A168B600C33&attach=1234|456
HTTP状态：
返回：ok

【2019-05-09 22:46:22】
订单号：20190509224524521005
通知地址：http://xlyt.info/pay/qddzf_weixin/n.php
通知报文：memberid=10118&orderid=2019050922452462961&transaction_id=20190509224524521005&amount=200.0000&datetime=20190509224613&returncode=00&sign=212F4FF559A49E71904E5E7BC9F15400&attach=1234|456
HTTP状态：
返回：ok

【2019-05-09 22:46:23】
订单号：20190509224352564852
通知地址：http://xlyt.info/pay/qddzf_weixin/n.php
通知报文：memberid=10118&orderid=2019050922435072678&transaction_id=20190509224352564852&amount=100.0000&datetime=20190509224623&returncode=00&sign=B50F7A40CFC6604B695B5EE7B0454B9B&attach=1234|456
HTTP状态：
返回：ok

【2019-05-09 22:46:40】
订单号：20190509224603989952
通知地址：http://xlyt.info/pay/qddzf_weixin/n.php
通知报文：memberid=10118&orderid=2019050922460310230&transaction_id=20190509224603989952&amount=200.0000&datetime=20190509224639&returncode=00&sign=E3F998CB4D3332856F05B1E2BE77DF7D&attach=1234|456
HTTP状态：
返回：ok

【2019-05-09 22:46:40】
订单号：20190509224611511005
通知地址：http://xlyt.info/pay/qddzf_weixin/n.php
通知报文：memberid=10118&orderid=2019050922461022117&transaction_id=20190509224611511005&amount=200.0000&datetime=20190509224637&returncode=00&sign=481ACD6075D3FCDC0A5EC227D1636AE1&attach=1234|456
HTTP状态：
返回：ok

【2019-05-09 22:46:41】
订单号：20190509224540529754
通知地址：http://xlyt.info/pay/qddzf_weixin/n.php
通知报文：memberid=10118&orderid=2019050922454032181&transaction_id=20190509224540529754&amount=100.0000&datetime=20190509224641&returncode=00&sign=2D9FE4002D4B86BDF043625CF4ED215C&attach=1234|456
HTTP状态：
返回：ok

【2019-05-09 22:46:48】
订单号：20190509224546979948
通知地址：http://xlyt.info/pay/qddzf_weixin/n.php
通知报文：memberid=10118&orderid=2019050922454661930&transaction_id=20190509224546979948&amount=200.0000&datetime=20190509224644&returncode=00&sign=37B9C35421AA8A37E602899E99149069&attach=1234|456
HTTP状态：
返回：ok

【2019-05-09 22:46:50】
订单号：20190509224622101975
通知地址：http://xlyt.info/pay/qddzf_weixin/n.php
通知报文：memberid=10118&orderid=2019050922462291535&transaction_id=20190509224622101975&amount=100.0000&datetime=20190509224649&returncode=00&sign=AE11CACFB8E6C8C078ED3EFCEBA7BA01&attach=1234|456
HTTP状态：
返回：ok

【2019-05-09 22:46:52】
订单号：20190509224636995749
通知地址：http://xlyt.info/pay/qddzf_weixin/n.php
通知报文：memberid=10118&orderid=2019050922463643963&transaction_id=20190509224636995749&amount=300.0000&datetime=20190509224652&returncode=00&sign=2C3245CE2C1ECC4F0B5B10B16ED1B40D&attach=1234|456
HTTP状态：
返回：ok

【2019-05-09 22:47:01】
订单号：20190509224630545510
通知地址：http://xlyt.info/pay/qddzf_weixin/n.php
通知报文：memberid=10118&orderid=2019050922462992825&transaction_id=20190509224630545510&amount=200.0000&datetime=20190509224701&returncode=00&sign=7464820B2C71C4A1BC38FB96D03E27C4&attach=1234|456
HTTP状态：
返回：ok

【2019-05-09 22:47:06】
订单号：20190509224547981009
通知地址：http://xlyt.info/pay/qddzf_weixin/n.php
通知报文：memberid=10118&orderid=2019050922454753105&transaction_id=20190509224547981009&amount=100.0000&datetime=20190509224705&returncode=00&sign=6550241B67B41807C812D879F4839655&attach=1234|456
HTTP状态：
返回：ok

【2019-05-09 22:47:07】
订单号：20190509224637100564
通知地址：http://xlyt.info/pay/qddzf_weixin/n.php
通知报文：memberid=10118&orderid=2019050922463772629&transaction_id=20190509224637100564&amount=300.0000&datetime=20190509224706&returncode=00&sign=E910FF79620016670ADF793313B51E78&attach=1234|456
HTTP状态：
返回：ok

【2019-05-09 22:47:17】
订单号：20190509224607102575
通知地址：http://xlyt.info/pay/qddzf_weixin/n.php
通知报文：memberid=10118&orderid=2019050922460755579&transaction_id=20190509224607102575&amount=200.0000&datetime=20190509224707&returncode=00&sign=CD95E4048D179C971BC50A3F132A9727&attach=1234|456
HTTP状态：
返回：

【2019-05-09 22:47:19】
订单号：20190509224603985249
通知地址：http://xlyt.info/pay/qddzf_weixin/n.php
通知报文：memberid=10118&orderid=2019050922460287106&transaction_id=20190509224603985249&amount=100.0000&datetime=20190509224718&returncode=00&sign=5BF0EBA814B7760FA8BE09ED56971D6F&attach=1234|456
HTTP状态：
返回：ok

【2019-05-09 22:47:19】
订单号：20190509224601575610
通知地址：http://xlyt.info/pay/qddzf_weixin/n.php
通知报文：memberid=10118&orderid=2019050922460159779&transaction_id=20190509224601575610&amount=100.0000&datetime=20190509224717&returncode=00&sign=E7AF7EDC574FE4B84EACD678555A20A6&attach=1234|456
HTTP状态：
返回：ok

【2019-05-09 22:47:35】
订单号：20190509224647555710
通知地址：http://xlyt.info/pay/qddzf_weixin/n.php
通知报文：memberid=10118&orderid=2019050922464732709&transaction_id=20190509224647555710&amount=100.0000&datetime=20190509224734&returncode=00&sign=8BEFC9F084FFE5D7424197A8EFB11BD2&attach=1234|456
HTTP状态：
返回：ok

【2019-05-09 22:47:36】
订单号：20190509224657491011
通知地址：http://xlyt.info/pay/qddzf_weixin/n.php
通知报文：memberid=10118&orderid=2019050922465758937&transaction_id=20190509224657491011&amount=100.0000&datetime=20190509224735&returncode=00&sign=E2225C4AFE80105AC76D3D51BA1756EE&attach=1234|456
HTTP状态：
返回：ok

【2019-05-09 22:47:46】
订单号：20190509224725100505
通知地址：http://xlyt.info/pay/qddzf_weixin/n.php
通知报文：memberid=10118&orderid=2019050922472473746&transaction_id=20190509224725100505&amount=100.0000&datetime=20190509224745&returncode=00&sign=474A9E506AB00AE5563C631C09C08DD1&attach=1234|456
HTTP状态：
返回：ok

【2019-05-09 22:47:52】
订单号：20190509224722974999
通知地址：http://xlyt.info/pay/qddzf_weixin/n.php
通知报文：memberid=10118&orderid=2019050922472151274&transaction_id=20190509224722974999&amount=200.0000&datetime=20190509224751&returncode=00&sign=53B263B6705C4C07566221BFF0C33927&attach=1234|456
HTTP状态：
返回：ok

【2019-05-09 22:48:03】
订单号：20190509224559555653
通知地址：http://xlyt.info/pay/qddzf_weixin/n.php
通知报文：memberid=10118&orderid=2019050922455959671&transaction_id=20190509224559555653&amount=100.0000&datetime=20190509224802&returncode=00&sign=BA3041F8EBE90A511970A205A174471B&attach=1234|456
HTTP状态：
返回：ok

【2019-05-09 22:48:13】
订单号：20190509224750549910
通知地址：http://xlyt.info/pay/qddzf_weixin/n.php
通知报文：memberid=10118&orderid=2019050922475056138&transaction_id=20190509224750549910&amount=200.0000&datetime=20190509224812&returncode=00&sign=DF5EBA6AE41E960FC3BD48A27895027D&attach=1234|456
HTTP状态：
返回：ok

【2019-05-09 22:48:25】
订单号：20190509224756994856
通知地址：http://xlyt.info/pay/qddzf_weixin/n.php
通知报文：memberid=10118&orderid=2019050922475584936&transaction_id=20190509224756994856&amount=300.0000&datetime=20190509224818&returncode=00&sign=6CE5ADFB0ED6FAE87527B742B29EDF57&attach=1234|456
HTTP状态：
返回：ok

【2019-05-09 22:48:29】
订单号：20190509224742101485
通知地址：http://xlyt.info/pay/qddzf_weixin/n.php
通知报文：memberid=10118&orderid=2019050922474132780&transaction_id=20190509224742101485&amount=200.0000&datetime=20190509224829&returncode=00&sign=7550B6044840FB7223B3418D9AF6E590&attach=1234|456
HTTP状态：
返回：ok

【2019-05-09 22:48:48】
订单号：20190509224759102524
通知地址：http://xlyt.info/pay/qddzf_weixin/n.php
通知报文：memberid=10118&orderid=2019050922475831125&transaction_id=20190509224759102524&amount=500.0000&datetime=20190509224838&returncode=00&sign=106E320579B66C7B53DC75E4A82665C4&attach=1234|456
HTTP状态：
返回：

【2019-05-09 22:49:04】
订单号：20190509224819519848
通知地址：http://xlyt.info/pay/qddzf_weixin/n.php
通知报文：memberid=10118&orderid=2019050922481949188&transaction_id=20190509224819519848&amount=100.0000&datetime=20190509224903&returncode=00&sign=3103AC44B25FBEEA5DD767030D487E59&attach=1234|456
HTTP状态：
返回：ok

【2019-05-09 22:49:19】
订单号：20190509224819515610
通知地址：http://xlyt.info/pay/qddzf_weixin/n.php
通知报文：memberid=10118&orderid=2019050922481960457&transaction_id=20190509224819515610&amount=300.0000&datetime=20190509224919&returncode=00&sign=530BD467C787CE207438EFF12EC0F658&attach=1234|456
HTTP状态：
返回：ok

【2019-05-09 22:49:22】
订单号：20190509224844995549
通知地址：http://xlyt.info/pay/qddzf_weixin/n.php
通知报文：memberid=10118&orderid=2019050922484439857&transaction_id=20190509224844995549&amount=2000.0000&datetime=20190509224921&returncode=00&sign=6FFEC7B81B416A33069C2F4DFB1A5C0C&attach=1234|456
HTTP状态：
返回：ok

【2019-05-09 22:49:32】
订单号：20190509224806541011
通知地址：http://xlyt.info/pay/qddzf_weixin/n.php
通知报文：memberid=10118&orderid=2019050922480669092&transaction_id=20190509224806541011&amount=200.0000&datetime=20190509224929&returncode=00&sign=B3531DE3DC02E7D5B9E47E821BFCD2C9&attach=1234|456
HTTP状态：
返回：ok

【2019-05-09 22:49:43】
订单号：20190509224853531019
通知地址：http://xlyt.info/pay/qddzf_weixin/n.php
通知报文：memberid=10118&orderid=2019050922485313692&transaction_id=20190509224853531019&amount=100.0000&datetime=20190509224942&returncode=00&sign=01A796790D1ADD00E9FE0EC2735D04F1&attach=1234|456
HTTP状态：
返回：ok

【2019-05-09 22:49:54】
订单号：20190509224911555354
通知地址：http://xlyt.info/pay/qddzf_weixin/n.php
通知报文：memberid=10118&orderid=2019050922491051213&transaction_id=20190509224911555354&amount=200.0000&datetime=20190509224954&returncode=00&sign=8D558A18F7B616369E17BC2E51DEBFD2&attach=1234|456
HTTP状态：
返回：ok

【2019-05-09 22:50:17】
订单号：20190509224940525049
通知地址：http://xlyt.info/pay/qddzf_weixin/n.php
通知报文：memberid=10118&orderid=2019050922493928094&transaction_id=20190509224940525049&amount=1200.0000&datetime=20190509225016&returncode=00&sign=B8B576EE1B1F60794AEB62C34F9AA28E&attach=1234|456
HTTP状态：
返回：ok

【2019-05-09 22:50:19】
订单号：20190509224931984898
通知地址：http://xlyt.info/pay/qddzf_weixin/n.php
通知报文：memberid=10118&orderid=2019050922493031847&transaction_id=20190509224931984898&amount=100.0000&datetime=20190509225018&returncode=00&sign=2D8DEA21F2E27620E8CBEFA5503F1974&attach=1234|456
HTTP状态：
返回：ok

【2019-05-09 22:50:42】
订单号：20190509225008489998
通知地址：http://xlyt.info/pay/qddzf_weixin/n.php
通知报文：memberid=10118&orderid=2019050922500720220&transaction_id=20190509225008489998&amount=100.0000&datetime=20190509225042&returncode=00&sign=A0C79224B0C2A259CB84F85A6084655E&attach=1234|456
HTTP状态：
返回：ok

【2019-05-09 22:50:43】
订单号：20190509224947985797
通知地址：http://xlyt.info/pay/qddzf_weixin/n.php
通知报文：memberid=10118&orderid=2019050922494784853&transaction_id=20190509224947985797&amount=100.0000&datetime=20190509225043&returncode=00&sign=6881BF0C87EC08F697EBC06507F7566D&attach=1234|456
HTTP状态：
返回：ok

【2019-05-09 22:50:56】
订单号：20190509224701535355
通知地址：http://xlyt.info/pay/qddzf_weixin/n.php
通知报文：memberid=10118&orderid=2019050922470076268&transaction_id=20190509224701535355&amount=200.0000&datetime=20190509225046&returncode=00&sign=3AB180D60173D2C388908515A3957AD7&attach=1234|456
HTTP状态：
返回：

【2019-05-09 22:50:57】
订单号：20190509224958549910
通知地址：http://xlyt.info/pay/qddzf_weixin/n.php
通知报文：memberid=10118&orderid=2019050922495796947&transaction_id=20190509224958549910&amount=200.0000&datetime=20190509225047&returncode=00&sign=5883FDD1749C741DFB9AD5188821C3BE&attach=1234|456
HTTP状态：
返回：

【2019-05-09 22:51:01】
订单号：20190509225032564998
通知地址：http://xlyt.info/pay/qddzf_weixin/n.php
通知报文：memberid=10118&orderid=2019050922503187285&transaction_id=20190509225032564998&amount=100.0000&datetime=20190509225100&returncode=00&sign=1E2097360DE28A68670CDF8CE5091455&attach=1234|456
HTTP状态：
返回：ok

【2019-05-09 22:51:27】
订单号：20190509225017575448
通知地址：http://xlyt.info/pay/qddzf_weixin/n.php
通知报文：memberid=10118&orderid=2019050922501643449&transaction_id=20190509225017575448&amount=200.0000&datetime=20190509225117&returncode=00&sign=9310DA0B83DFE837974608B21BCFB0F2&attach=1234|456
HTTP状态：
返回：ok

【2019-05-09 22:51:28】
订单号：20190509225044524898
通知地址：http://xlyt.info/pay/qddzf_weixin/n.php
通知报文：memberid=10118&orderid=2019050922504337242&transaction_id=20190509225044524898&amount=1000.0000&datetime=20190509225127&returncode=00&sign=883EB6409408CD68E59D6C70EDC2939A&attach=1234|456
HTTP状态：
返回：ok

【2019-05-09 22:51:29】
订单号：20190509225050975756
通知地址：http://xlyt.info/pay/qddzf_weixin/n.php
通知报文：memberid=10118&orderid=2019050922504944384&transaction_id=20190509225050975756&amount=200.0000&datetime=20190509225128&returncode=00&sign=AEC3B90299AC33483D76EE8FF51981FF&attach=1234|456
HTTP状态：
返回：ok

【2019-05-09 22:51:33】
订单号：20190509225039102981
通知地址：http://xlyt.info/pay/qddzf_weixin/n.php
通知报文：memberid=10118&orderid=2019050922503925497&transaction_id=20190509225039102981&amount=400.0000&datetime=20190509225129&returncode=00&sign=74938CA5757BF4079281C46E5FE11412&attach=1234|456
HTTP状态：
返回：ok

【2019-05-09 22:51:37】
订单号：20190509225026505252
通知地址：http://xlyt.info/pay/qddzf_weixin/n.php
通知报文：memberid=10118&orderid=2019050922502530146&transaction_id=20190509225026505252&amount=99.9800&datetime=20190509225133&returncode=00&sign=E23C08A238C4ACC405D2003EE03E78D3&attach=1234|456
HTTP状态：
返回：ok

【2019-05-09 22:51:38】
订单号：20190509224843985299
通知地址：http://xlyt.info/pay/qddzf_weixin/n.php
通知报文：memberid=10118&orderid=2019050922484384029&transaction_id=20190509224843985299&amount=200.0000&datetime=20190509225137&returncode=00&sign=FD8151024EA5B4AA3B7752B8E1DA5D5D&attach=1234|456
HTTP状态：
返回：ok

【2019-05-09 22:51:39】
订单号：20190509225042505249
通知地址：http://xlyt.info/pay/qddzf_weixin/n.php
通知报文：memberid=10118&orderid=2019050922503964818&transaction_id=20190509225042505249&amount=100.0000&datetime=20190509225138&returncode=00&sign=F2C7B78ECF56A56CB48DFDB1C392A25A&attach=1234|456
HTTP状态：
返回：ok

【2019-05-09 22:51:40】
订单号：20190509225050975697
通知地址：http://xlyt.info/pay/qddzf_weixin/n.php
通知报文：memberid=10118&orderid=2019050922504945415&transaction_id=20190509225050975697&amount=100.0000&datetime=20190509225139&returncode=00&sign=7262438949E3EB99CB0A303C41B88065&attach=1234|456
HTTP状态：
返回：ok

【2019-05-09 22:52:00】
订单号：20190509224900991019
通知地址：http://xlyt.info/pay/qddzf_weixin/n.php
通知报文：memberid=10118&orderid=2019050922490018050&transaction_id=20190509224900991019&amount=100.0000&datetime=20190509225159&returncode=00&sign=B4542C4FEDD3310DA0DCE990436474F5&attach=1234|456
HTTP状态：
返回：ok

【2019-05-09 22:52:13】
订单号：20190509225140999753
通知地址：http://xlyt.info/pay/qddzf_weixin/n.php
通知报文：memberid=10118&orderid=2019050922514097280&transaction_id=20190509225140999753&amount=300.0000&datetime=20190509225212&returncode=00&sign=AA31F3342AF9CC2D4043E12BCFD4F001&attach=1234|456
HTTP状态：
返回：ok

【2019-05-09 22:52:43】
订单号：20190509225221535056
通知地址：http://xlyt.info/pay/qddzf_weixin/n.php
通知报文：memberid=10118&orderid=2019050922522044848&transaction_id=20190509225221535056&amount=200.0000&datetime=20190509225236&returncode=00&sign=1C81AA5DFA534228970EBE483BC5D952&attach=1234|456
HTTP状态：
返回：ok

【2019-05-09 22:53:04】
订单号：20190509225242974997
通知地址：http://xlyt.info/pay/qddzf_weixin/n.php
通知报文：memberid=10118&orderid=2019050922524182443&transaction_id=20190509225242974997&amount=200.0000&datetime=20190509225304&returncode=00&sign=EAB27A262D57719454C4B2806F97E796&attach=1234|456
HTTP状态：
返回：ok

【2019-05-09 22:53:30】
订单号：20190509225245100979
通知地址：http://xlyt.info/pay/qddzf_weixin/n.php
通知报文：memberid=10118&orderid=2019050922524569560&transaction_id=20190509225245100979&amount=100.0000&datetime=20190509225329&returncode=00&sign=AA29C4E189F858F98FFD61D0836BD0F8&attach=1234|456
HTTP状态：
返回：ok

【2019-05-09 22:54:32】
订单号：20190509225341534897
通知地址：http://xlyt.info/pay/qddzf_weixin/n.php
通知报文：memberid=10118&orderid=2019050922534038802&transaction_id=20190509225341534897&amount=200.0000&datetime=20190509225431&returncode=00&sign=61C177D9D7D3C6E8C9586F8B14E7FABC&attach=1234|456
HTTP状态：
返回：ok

【2019-05-09 22:55:48】
订单号：20190509225508995610
通知地址：http://xlyt.info/pay/qddzf_weixin/n.php
通知报文：memberid=10118&orderid=2019050922550862358&transaction_id=20190509225508995610&amount=199.9900&datetime=20190509225548&returncode=00&sign=B9996CD308F24813498182AF023740D8&attach=1234|456
HTTP状态：
返回：ok

【2019-05-09 22:55:50】
订单号：20190509225525100995
通知地址：http://xlyt.info/pay/qddzf_weixin/n.php
通知报文：memberid=10118&orderid=2019050922552530776&transaction_id=20190509225525100995&amount=100.0000&datetime=20190509225549&returncode=00&sign=981975BDC141EB1B7D3176C874FBB720&attach=1234|456
HTTP状态：
返回：ok

【2019-05-09 22:56:19】
订单号：20190509225507989849
通知地址：http://xlyt.info/pay/qddzf_weixin/n.php
通知报文：memberid=10118&orderid=2019050922550670341&transaction_id=20190509225507989849&amount=2888.0000&datetime=20190509225618&returncode=00&sign=1D903254A64770B9E54859C25DEBA897&attach=1234|456
HTTP状态：
返回：ok

【2019-05-09 22:56:30】
订单号：20190509225603515450
通知地址：http://xlyt.info/pay/qddzf_weixin/n.php
通知报文：memberid=10118&orderid=2019050922560347001&transaction_id=20190509225603515450&amount=200.0000&datetime=20190509225620&returncode=00&sign=8E73FEAF2EB1E40279AFCB73BC0FB7F1&attach=1234|456
HTTP状态：
返回：

【2019-05-09 22:56:33】
订单号：20190509225558101102
通知地址：http://xlyt.info/pay/qddzf_weixin/n.php
通知报文：memberid=10118&orderid=2019050922555838721&transaction_id=20190509225558101102&amount=500.0000&datetime=20190509225631&returncode=00&sign=43EB01288AF73FCF9CC849D34B997831&attach=1234|456
HTTP状态：
返回：ok

【2019-05-09 22:57:02】
订单号：20190509225603515450
通知地址：http://xlyt.info/pay/qddzf_weixin/n.php
通知报文：memberid=10118&orderid=2019050922560347001&transaction_id=20190509225603515450&amount=200.0000&datetime=20190509225702&returncode=00&sign=13A6385C9499F8A446DA622699AD7264&attach=1234|456
HTTP状态：
返回：ok

【2019-05-09 22:57:17】
订单号：20190509225659984851
通知地址：http://xlyt.info/pay/qddzf_weixin/n.php
通知报文：memberid=10118&orderid=2019050922565813944&transaction_id=20190509225659984851&amount=100.0000&datetime=20190509225716&returncode=00&sign=56E7434A718E04C99C89EBA03730598D&attach=1234|456
HTTP状态：
返回：ok

【2019-05-09 23:11:11】
订单号：20190509224317539948
通知地址：http://xlyt.info/pay/qddzf_weixin/n.php
通知报文：memberid=10118&orderid=2019050922431630193&transaction_id=20190509224317539948&amount=201.0000&datetime=20190509231101&returncode=00&sign=46F402039BC11BCB6BD4249D4533F3CF&attach=1234|456
HTTP状态：
返回：

【2019-05-09 23:11:13】
订单号：20190509224317539948
通知地址：http://xlyt.info/pay/qddzf_weixin/n.php
通知报文：memberid=10118&orderid=2019050922431630193&transaction_id=20190509224317539948&amount=201.0000&datetime=20190509231111&returncode=00&sign=7BCE526F54B26F37AD8BB9896678DB40&attach=1234|456
HTTP状态：
返回：ok

【2019-05-09 23:11:13】
订单号：20190509224317539948
通知地址：http://xlyt.info/pay/qddzf_weixin/n.php
通知报文：memberid=10118&orderid=2019050922431630193&transaction_id=20190509224317539948&amount=201.0000&datetime=20190509231113&returncode=00&sign=074CD95BCC0C544E50E9896B3D2F0083&attach=1234|456
HTTP状态：
返回：ok

【2019-05-09 23:11:14】
订单号：20190509224317539948
通知地址：http://xlyt.info/pay/qddzf_weixin/n.php
通知报文：memberid=10118&orderid=2019050922431630193&transaction_id=20190509224317539948&amount=201.0000&datetime=20190509231113&returncode=00&sign=074CD95BCC0C544E50E9896B3D2F0083&attach=1234|456
HTTP状态：
返回：ok

【2019-05-09 23:11:14】
订单号：20190509224317539948
通知地址：http://xlyt.info/pay/qddzf_weixin/n.php
通知报文：memberid=10118&orderid=2019050922431630193&transaction_id=20190509224317539948&amount=201.0000&datetime=20190509231114&returncode=00&sign=BFDBB3AE1B60B29723A5477824612BAB&attach=1234|456
HTTP状态：
返回：ok

【2019-05-09 23:18:24】
订单号：20190509224904485257
通知地址：http://xlyt.info/pay/qddzf_weixin/n.php
通知报文：memberid=10118&orderid=2019050922490362534&transaction_id=20190509224904485257&amount=199.9900&datetime=20190509231814&returncode=00&sign=F6B6EFB6196F26BEE3CD70A8457FD1B6&attach=1234|456
HTTP状态：
返回：

【2019-05-09 23:21:09】
订单号：20190509225054101100
通知地址：http://xlyt.info/pay/qddzf_weixin/n.php
通知报文：memberid=10118&orderid=2019050922505494440&transaction_id=20190509225054101100&amount=199.9500&datetime=20190509232108&returncode=00&sign=E932FEE2F790277AA1948F1BBDF531ED&attach=1234|456
HTTP状态：
返回：ok

【2019-05-09 23:21:51】
订单号：20190509224945575010
通知地址：http://xlyt.info/pay/qddzf_weixin/n.php
通知报文：memberid=10118&orderid=2019050922494491131&transaction_id=20190509224945575010&amount=199.9800&datetime=20190509232141&returncode=00&sign=3B1F4F28E3069BB5CB47BB101DEBD52C&attach=1234|456
HTTP状态：
返回：

【2019-05-09 23:21:51】
订单号：20190509224945575010
通知地址：http://xlyt.info/pay/qddzf_weixin/n.php
通知报文：memberid=10118&orderid=2019050922494491131&transaction_id=20190509224945575010&amount=199.9800&datetime=20190509232151&returncode=00&sign=41100D16C7289636056897A4BB226F0D&attach=1234|456
HTTP状态：
返回：ok

【2019-05-09 23:21:52】
订单号：20190509224945575010
通知地址：http://xlyt.info/pay/qddzf_weixin/n.php
通知报文：memberid=10118&orderid=2019050922494491131&transaction_id=20190509224945575010&amount=199.9800&datetime=20190509232151&returncode=00&sign=41100D16C7289636056897A4BB226F0D&attach=1234|456
HTTP状态：
返回：ok

【2019-05-09 23:21:52】
订单号：20190509224945575010
通知地址：http://xlyt.info/pay/qddzf_weixin/n.php
通知报文：memberid=10118&orderid=2019050922494491131&transaction_id=20190509224945575010&amount=199.9800&datetime=20190509232152&returncode=00&sign=5B71090F1B5697F80E69EC99150B70FB&attach=1234|456
HTTP状态：
返回：ok

【2019-05-09 23:21:52】
订单号：20190509224945575010
通知地址：http://xlyt.info/pay/qddzf_weixin/n.php
通知报文：memberid=10118&orderid=2019050922494491131&transaction_id=20190509224945575010&amount=199.9800&datetime=20190509232152&returncode=00&sign=5B71090F1B5697F80E69EC99150B70FB&attach=1234|456
HTTP状态：
返回：ok

【2019-05-09 23:22:23】
订单号：20190509224904485257
通知地址：http://xlyt.info/pay/qddzf_weixin/n.php
通知报文：memberid=10118&orderid=2019050922490362534&transaction_id=20190509224904485257&amount=199.9900&datetime=20190509232223&returncode=00&sign=5EACF473F5A22FB5218FD0FBBAF99027&attach=1234|456
HTTP状态：
返回：ok

【2019-05-09 23:22:45】
订单号：20190509225317100991
通知地址：http://xlyt.info/pay/qddzf_weixin/n.php
通知报文：memberid=10118&orderid=2019050922531754054&transaction_id=20190509225317100991&amount=199.9400&datetime=20190509232241&returncode=00&sign=226D6BE14129C7C112C2AF5E5EA301EC&attach=1234|456
HTTP状态：
返回：ok

【2019-05-09 23:23:39】
订单号：20190509225031551019
通知地址：http://xlyt.info/pay/qddzf_weixin/n.php
通知报文：memberid=10118&orderid=2019050922503143796&transaction_id=20190509225031551019&amount=199.9800&datetime=20190509232329&returncode=00&sign=7FA5776C0E2FA86AD7BB84D492180588&attach=1234|456
HTTP状态：
返回：

【2019-05-09 23:23:39】
订单号：20190509225031551019
通知地址：http://xlyt.info/pay/qddzf_weixin/n.php
通知报文：memberid=10118&orderid=2019050922503143796&transaction_id=20190509225031551019&amount=199.9800&datetime=20190509232339&returncode=00&sign=7A0D67C1D8D1B4D980E192E885122492&attach=1234|456
HTTP状态：
返回：ok

【2019-05-09 23:23:40】
订单号：20190509225031551019
通知地址：http://xlyt.info/pay/qddzf_weixin/n.php
通知报文：memberid=10118&orderid=2019050922503143796&transaction_id=20190509225031551019&amount=199.9800&datetime=20190509232340&returncode=00&sign=E33B05F5A8FC06851EBC29F9B5DF9607&attach=1234|456
HTTP状态：
返回：ok

【2019-05-09 23:23:40】
订单号：20190509225031551019
通知地址：http://xlyt.info/pay/qddzf_weixin/n.php
通知报文：memberid=10118&orderid=2019050922503143796&transaction_id=20190509225031551019&amount=199.9800&datetime=20190509232340&returncode=00&sign=E33B05F5A8FC06851EBC29F9B5DF9607&attach=1234|456
HTTP状态：
返回：ok

【2019-05-09 23:25:01】
订单号：20190509224821534857
通知地址：http://xlyt.info/pay/qddzf_weixin/n.php
通知报文：memberid=10118&orderid=2019050922482067315&transaction_id=20190509224821534857&amount=300.0000&datetime=20190509232457&returncode=00&sign=C536F72AFCCCD224478D5BB03D381ABB&attach=1234|456
HTTP状态：
返回：ok

【2019-05-09 23:25:01】
订单号：20190509224821534857
通知地址：http://xlyt.info/pay/qddzf_weixin/n.php
通知报文：memberid=10118&orderid=2019050922482067315&transaction_id=20190509224821534857&amount=300.0000&datetime=20190509232501&returncode=00&sign=B5AE02C2088490FD49953E73F549D952&attach=1234|456
HTTP状态：
返回：ok

【2019-05-09 23:26:12】
订单号：20190509224328485399
通知地址：http://xlyt.info/pay/qddzf_weixin/n.php
通知报文：memberid=10118&orderid=2019050922432841541&transaction_id=20190509224328485399&amount=200.0000&datetime=20190509232602&returncode=00&sign=EB9212293185179108EF8FDA7B9BA2CB&attach=1234|456
HTTP状态：
返回：

【2019-05-09 23:26:12】
订单号：20190509224328485399
通知地址：http://xlyt.info/pay/qddzf_weixin/n.php
通知报文：memberid=10118&orderid=2019050922432841541&transaction_id=20190509224328485399&amount=200.0000&datetime=20190509232612&returncode=00&sign=DE2F285DA46138E531070D964F8AD7CA&attach=1234|456
HTTP状态：
返回：ok

【2019-05-09 23:26:12】
订单号：20190509224328485399
通知地址：http://xlyt.info/pay/qddzf_weixin/n.php
通知报文：memberid=10118&orderid=2019050922432841541&transaction_id=20190509224328485399&amount=200.0000&datetime=20190509232612&returncode=00&sign=DE2F285DA46138E531070D964F8AD7CA&attach=1234|456
HTTP状态：
返回：ok

【2019-05-09 23:26:12】
订单号：20190509224328485399
通知地址：http://xlyt.info/pay/qddzf_weixin/n.php
通知报文：memberid=10118&orderid=2019050922432841541&transaction_id=20190509224328485399&amount=200.0000&datetime=20190509232612&returncode=00&sign=DE2F285DA46138E531070D964F8AD7CA&attach=1234|456
HTTP状态：
返回：ok

【2019-05-09 23:27:46】
订单号：20190509224720565010
通知地址：http://xlyt.info/pay/qddzf_weixin/n.php
通知报文：memberid=10118&orderid=2019050922471918891&transaction_id=20190509224720565010&amount=99.9900&datetime=20190509232745&returncode=00&sign=88F69451BC7ECBEBC7D1BCD7407FF278&attach=1234|456
HTTP状态：
返回：ok

【2019-05-09 23:27:46】
订单号：20190509224720565010
通知地址：http://xlyt.info/pay/qddzf_weixin/n.php
通知报文：memberid=10118&orderid=2019050922471918891&transaction_id=20190509224720565010&amount=99.9900&datetime=20190509232746&returncode=00&sign=985D2B7AB0D14527F86DC450E5AB3060&attach=1234|456
HTTP状态：
返回：ok

【2019-05-09 23:27:46】
订单号：20190509224720565010
通知地址：http://xlyt.info/pay/qddzf_weixin/n.php
通知报文：memberid=10118&orderid=2019050922471918891&transaction_id=20190509224720565010&amount=99.9900&datetime=20190509232746&returncode=00&sign=985D2B7AB0D14527F86DC450E5AB3060&attach=1234|456
HTTP状态：
返回：ok

【2019-05-09 23:34:53】
订单号：20190509224836529710
通知地址：http://xlyt.info/pay/qddzf_weixin/n.php
通知报文：memberid=10118&orderid=2019050922483683978&transaction_id=20190509224836529710&amount=99.9800&datetime=20190509233451&returncode=00&sign=8687DDEA6ABAB23E7C68BBB1ACF9D8B0&attach=1234|456
HTTP状态：
返回：ok

【2019-05-09 23:50:37】
订单号：20190509225125100485
通知地址：http://xlyt.info/pay/qddzf_weixin/n.php
通知报文：memberid=10118&orderid=2019050922512484684&transaction_id=20190509225125100485&amount=100.0000&datetime=20190509235035&returncode=00&sign=C7B1F0BB0F5BBE86578D09036E381980&attach=1234|456
HTTP状态：
返回：ok

【2019-05-09 23:50:37】
订单号：20190509225125100485
通知地址：http://xlyt.info/pay/qddzf_weixin/n.php
通知报文：memberid=10118&orderid=2019050922512484684&transaction_id=20190509225125100485&amount=100.0000&datetime=20190509235037&returncode=00&sign=FC6A7987D4EE9BB2143E78AF43F927D7&attach=1234|456
HTTP状态：
返回：ok

【2019-05-09 23:52:34】
订单号：20190509225049575198
通知地址：http://xlyt.info/pay/qddzf_weixin/n.php
通知报文：memberid=10118&orderid=2019050922504866242&transaction_id=20190509225049575198&amount=99.9900&datetime=20190509235234&returncode=00&sign=EAC5A2C795A591EDD87DB75F8373F4BD&attach=1234|456
HTTP状态：
返回：ok

【2019-05-09 23:52:35】
订单号：20190509225049575198
通知地址：http://xlyt.info/pay/qddzf_weixin/n.php
通知报文：memberid=10118&orderid=2019050922504866242&transaction_id=20190509225049575198&amount=99.9900&datetime=20190509235234&returncode=00&sign=EAC5A2C795A591EDD87DB75F8373F4BD&attach=1234|456
HTTP状态：
返回：ok

【2019-05-09 23:53:12】
订单号：20190509225351102565
通知地址：http://xlyt.info/pay/qddzf_weixin/n.php
通知报文：memberid=10118&orderid=2019050922535171575&transaction_id=20190509225351102565&amount=199.9900&datetime=20190509235302&returncode=00&sign=FEF7DD790672AB733C038681FE91084A&attach=1234|456
HTTP状态：
返回：

【2019-05-09 23:53:12】
订单号：20190509225351102565
通知地址：http://xlyt.info/pay/qddzf_weixin/n.php
通知报文：memberid=10118&orderid=2019050922535171575&transaction_id=20190509225351102565&amount=199.9900&datetime=20190509235312&returncode=00&sign=2A14A2FD99AEEFC7F6BCE2D406FA16E9&attach=1234|456
HTTP状态：
返回：ok

【2019-05-09 23:53:12】
订单号：20190509225351102565
通知地址：http://xlyt.info/pay/qddzf_weixin/n.php
通知报文：memberid=10118&orderid=2019050922535171575&transaction_id=20190509225351102565&amount=199.9900&datetime=20190509235312&returncode=00&sign=2A14A2FD99AEEFC7F6BCE2D406FA16E9&attach=1234|456
HTTP状态：
返回：ok

【2019-05-09 23:53:12】
订单号：20190509225351102565
通知地址：http://xlyt.info/pay/qddzf_weixin/n.php
通知报文：memberid=10118&orderid=2019050922535171575&transaction_id=20190509225351102565&amount=199.9900&datetime=20190509235312&returncode=00&sign=2A14A2FD99AEEFC7F6BCE2D406FA16E9&attach=1234|456
HTTP状态：
返回：ok

【2019-05-09 23:53:12】
订单号：20190509225351102565
通知地址：http://xlyt.info/pay/qddzf_weixin/n.php
通知报文：memberid=10118&orderid=2019050922535171575&transaction_id=20190509225351102565&amount=199.9900&datetime=20190509235312&returncode=00&sign=2A14A2FD99AEEFC7F6BCE2D406FA16E9&attach=1234|456
HTTP状态：
返回：ok

【2019-05-09 23:53:12】
订单号：20190509225351102565
通知地址：http://xlyt.info/pay/qddzf_weixin/n.php
通知报文：memberid=10118&orderid=2019050922535171575&transaction_id=20190509225351102565&amount=199.9900&datetime=20190509235312&returncode=00&sign=2A14A2FD99AEEFC7F6BCE2D406FA16E9&attach=1234|456
HTTP状态：
返回：ok

【2019-05-09 23:53:12】
订单号：20190509225351102565
通知地址：http://xlyt.info/pay/qddzf_weixin/n.php
通知报文：memberid=10118&orderid=2019050922535171575&transaction_id=20190509225351102565&amount=199.9900&datetime=20190509235312&returncode=00&sign=2A14A2FD99AEEFC7F6BCE2D406FA16E9&attach=1234|456
HTTP状态：
返回：ok

【2019-05-09 23:53:12】
订单号：20190509225351102565
通知地址：http://xlyt.info/pay/qddzf_weixin/n.php
通知报文：memberid=10118&orderid=2019050922535171575&transaction_id=20190509225351102565&amount=199.9900&datetime=20190509235312&returncode=00&sign=2A14A2FD99AEEFC7F6BCE2D406FA16E9&attach=1234|456
HTTP状态：
返回：ok

【2019-05-09 23:53:12】
订单号：20190509225351102565
通知地址：http://xlyt.info/pay/qddzf_weixin/n.php
通知报文：memberid=10118&orderid=2019050922535171575&transaction_id=20190509225351102565&amount=199.9900&datetime=20190509235312&returncode=00&sign=2A14A2FD99AEEFC7F6BCE2D406FA16E9&attach=1234|456
HTTP状态：
返回：ok

【2019-05-09 23:53:12】
订单号：20190509225351102565
通知地址：http://xlyt.info/pay/qddzf_weixin/n.php
通知报文：memberid=10118&orderid=2019050922535171575&transaction_id=20190509225351102565&amount=199.9900&datetime=20190509235312&returncode=00&sign=2A14A2FD99AEEFC7F6BCE2D406FA16E9&attach=1234|456
HTTP状态：
返回：ok

【2019-05-09 23:53:12】
订单号：20190509225351102565
通知地址：http://xlyt.info/pay/qddzf_weixin/n.php
通知报文：memberid=10118&orderid=2019050922535171575&transaction_id=20190509225351102565&amount=199.9900&datetime=20190509235312&returncode=00&sign=2A14A2FD99AEEFC7F6BCE2D406FA16E9&attach=1234|456
HTTP状态：
返回：ok

【2019-05-09 23:54:13】
订单号：20190509225208569853
通知地址：http://xlyt.info/pay/qddzf_weixin/n.php
通知报文：memberid=10118&orderid=2019050922520864221&transaction_id=20190509225208569853&amount=99.9800&datetime=20190509235412&returncode=00&sign=8618FDAD8D7B0E57EF7BEDD3933F5B64&attach=1234|456
HTTP状态：
返回：ok

【2019-05-09 23:54:49】
订单号：20190509224153491005
通知地址：http://xlyt.info/pay/qddzf_weixin/n.php
通知报文：memberid=10118&orderid=2019050922415312438&transaction_id=20190509224153491005&amount=100.0000&datetime=20190509235448&returncode=00&sign=7A8BF31B484CCD482F794323A76A60F1&attach=1234|456
HTTP状态：
返回：ok

